Checking out Encounter license ...
Encounter_Digital_Impl_Sys_XL 9.1 license checkout succeeded.
You can run 2 CPU jobs with the base license that is currently checked out.
If required, use the setMultiCpuUsage command to enable multi-CPU processing.
**ERROR: (ENCOAX-148):	Could not open shared library libfeoax22.so : /ncsu/cadence2012/edi/tools/lib/libstdc++.so.6: version `GLIBCXX_3.4.9' not found (required by /ncsu/cadence2012/oa/lib/linux_rhel40_gcc44x_32/opt/liboaPlugIn.so)

**ERROR: (ENCOAX-148):	OA features will be disabled in this session.

*******************************************************************
*   Copyright (c)  Cadence Design Systems, Inc.  1996 - 2009.     *
*                     All rights reserved.                        *
*                                                                 *
*                                                                 *
*                                                                 *
* This program contains confidential and trade secret information *
* of Cadence Design Systems, Inc. and is protected by copyright   *
* law and international treaties.  Any reproduction, use,         *
* distribution or disclosure of this program or any portion of it,*
* or any attempt to obtain a human-readable version of this       *
* program, without the express, prior written consent of          *
* Cadence Design Systems, Inc., is strictly prohibited.           *
*                                                                 *
*                 Cadence Design Systems, Inc.                    *
*                    2655 Seely Avenue                            *
*                   San Jose, CA 95134,  USA                      *
*                                                                 *
*                                                                 *
*******************************************************************

@(#)CDS: Encounter v09.11-s084_1 (32bit) 04/26/2010 12:41 (Linux 2.6)
@(#)CDS: NanoRoute v09.11-s008 NR100226-1806/USR63-UB (database version 2.30, 93.1.1) {superthreading v1.14}
@(#)CDS: CeltIC v09.11-s011_1 (32bit) 03/04/2010 09:23:40 (Linux 2.6.9-78.0.25.ELsmp)
@(#)CDS: CTE 09.11-s016_1 (32bit) Apr  8 2010 03:34:50 (Linux 2.6.9-78.0.25.ELsmp)
@(#)CDS: CPE v09.11-s023
--- Starting "Encounter v09.11-s084_1" on Tue Apr 15 11:35:56 2014 (mem=46.5M) ---
--- Running on lib-33034.eos.ncsu.edu (x86_64 w/Linux 2.6.32-431.11.2.el6.x86_64) ---
This version was compiled on Mon Apr 26 12:41:13 PDT 2010.
Set DBUPerIGU to 1000.
Set net toggle Scale Factor to 1.00
Set Shrink Factor to 1.00000
Sourcing tcl/tk file "run_route.tcl" ...
Restoring design ./CORTEXM0DS_cts.enc
Reading config file - ./CORTEXM0DS_cts.enc.dat/CORTEXM0DS.conf

Loading Lef file /afs/eos.ncsu.edu/lockers/workspace/ece/ece720/001/ghuang2/gitrepo/hw08/p1/pr/../../../../../../../../../research/ece/wdavis/tech/nangate/NangateOpenCellLibrary_PDKv1_3_v2009_07/lef/NangateOpenCellLibrary.lef...
Set DBUPerIGU to M2 pitch 380.
Initializing default via types and wire widths ...

Power Planner/ViaGen version 8.1.46 promoted on 02/17/2009.
viaInitial starts at Tue Apr 15 11:35:56 2014
viaInitial ends at Tue Apr 15 11:35:56 2014
Reading netlist ...
Backslashed names will retain backslash and a trailing blank character.
Reading verilog netlist './CORTEXM0DS_cts.enc.dat/CORTEXM0DS.v.gz'
Inserting temporary buffers to remove assignment statements.

*** Memory Usage v0.159.2.6.2.1 (Current mem = 200.402M, initial mem = 46.484M) ***
*** End netlist parsing (cpu=0:00:00.1, real=0:00:00.0, mem=200.4M) ***
Set top cell to CORTEXM0DS.
Reading max timing library '/afs/eos.ncsu.edu/lockers/workspace/ece/ece720/001/ghuang2/gitrepo/hw08/p1/pr/../../../../../../../../../research/ece/wdavis/tech/nangate/NangateOpenCellLibrary_PDKv1_3_v2009_07/liberty/NangateOpenCellLibrary_slow_conditional_ecsm.lib' ...
**WARN: (TECHLIB-436):	Attribute 'max_fanout' on 'output/inout' pin 'ZN' of cell 'AND2_X1' is not defined in the library. Either define this value in the library or use set_default_timing_library to pick these values from a default library.
**WARN: (TECHLIB-436):	Attribute 'max_fanout' on 'output/inout' pin 'ZN' of cell 'AND2_X2' is not defined in the library. Either define this value in the library or use set_default_timing_library to pick these values from a default library.
**WARN: (TECHLIB-436):	Attribute 'max_fanout' on 'output/inout' pin 'ZN' of cell 'AND2_X4' is not defined in the library. Either define this value in the library or use set_default_timing_library to pick these values from a default library.
**WARN: (TECHLIB-436):	Attribute 'max_fanout' on 'output/inout' pin 'ZN' of cell 'AND3_X1' is not defined in the library. Either define this value in the library or use set_default_timing_library to pick these values from a default library.
**WARN: (TECHLIB-436):	Attribute 'max_fanout' on 'output/inout' pin 'ZN' of cell 'AND3_X2' is not defined in the library. Either define this value in the library or use set_default_timing_library to pick these values from a default library.
**WARN: (TECHLIB-436):	Attribute 'max_fanout' on 'output/inout' pin 'ZN' of cell 'AND3_X4' is not defined in the library. Either define this value in the library or use set_default_timing_library to pick these values from a default library.
**WARN: (TECHLIB-436):	Attribute 'max_fanout' on 'output/inout' pin 'ZN' of cell 'AND4_X1' is not defined in the library. Either define this value in the library or use set_default_timing_library to pick these values from a default library.
**WARN: (TECHLIB-436):	Attribute 'max_fanout' on 'output/inout' pin 'ZN' of cell 'AND4_X2' is not defined in the library. Either define this value in the library or use set_default_timing_library to pick these values from a default library.
**WARN: (TECHLIB-436):	Attribute 'max_fanout' on 'output/inout' pin 'ZN' of cell 'AND4_X4' is not defined in the library. Either define this value in the library or use set_default_timing_library to pick these values from a default library.
**WARN: (TECHLIB-436):	Attribute 'max_fanout' on 'output/inout' pin 'ZN' of cell 'AOI211_X1' is not defined in the library. Either define this value in the library or use set_default_timing_library to pick these values from a default library.
**WARN: (TECHLIB-436):	Attribute 'max_fanout' on 'output/inout' pin 'ZN' of cell 'AOI211_X2' is not defined in the library. Either define this value in the library or use set_default_timing_library to pick these values from a default library.
**WARN: (TECHLIB-436):	Attribute 'max_fanout' on 'output/inout' pin 'ZN' of cell 'AOI211_X4' is not defined in the library. Either define this value in the library or use set_default_timing_library to pick these values from a default library.
**WARN: (TECHLIB-436):	Attribute 'max_fanout' on 'output/inout' pin 'ZN' of cell 'AOI21_X1' is not defined in the library. Either define this value in the library or use set_default_timing_library to pick these values from a default library.
**WARN: (TECHLIB-436):	Attribute 'max_fanout' on 'output/inout' pin 'ZN' of cell 'AOI21_X2' is not defined in the library. Either define this value in the library or use set_default_timing_library to pick these values from a default library.
**WARN: (TECHLIB-436):	Attribute 'max_fanout' on 'output/inout' pin 'ZN' of cell 'AOI21_X4' is not defined in the library. Either define this value in the library or use set_default_timing_library to pick these values from a default library.
**WARN: (TECHLIB-436):	Attribute 'max_fanout' on 'output/inout' pin 'ZN' of cell 'AOI221_X1' is not defined in the library. Either define this value in the library or use set_default_timing_library to pick these values from a default library.
**WARN: (TECHLIB-436):	Attribute 'max_fanout' on 'output/inout' pin 'ZN' of cell 'AOI221_X2' is not defined in the library. Either define this value in the library or use set_default_timing_library to pick these values from a default library.
**WARN: (TECHLIB-436):	Attribute 'max_fanout' on 'output/inout' pin 'ZN' of cell 'AOI221_X4' is not defined in the library. Either define this value in the library or use set_default_timing_library to pick these values from a default library.
**WARN: (TECHLIB-436):	Attribute 'max_fanout' on 'output/inout' pin 'ZN' of cell 'AOI222_X1' is not defined in the library. Either define this value in the library or use set_default_timing_library to pick these values from a default library.
**WARN: (TECHLIB-436):	Attribute 'max_fanout' on 'output/inout' pin 'ZN' of cell 'AOI222_X2' is not defined in the library. Either define this value in the library or use set_default_timing_library to pick these values from a default library.
**WARN: (TECHLIB-9116):	(NangateOpenCellLibrary_slow_conditional_ecsm.lib, block starting at: 128760) The sdf_cond statement(s) in the cell DFFRS_X1 does not comply with IEEE OVI SDF Standards 3.0 for hold_rising arcs.  
**WARN: (TECHLIB-9116):	(NangateOpenCellLibrary_slow_conditional_ecsm.lib, block starting at: 128786) The sdf_cond statement(s) in the cell DFFRS_X1 does not comply with IEEE OVI SDF Standards 3.0 for setup_rising arcs.  
**WARN: (TECHLIB-9116):	(NangateOpenCellLibrary_slow_conditional_ecsm.lib, block starting at: 128924) The sdf_cond statement(s) in the cell DFFRS_X1 does not comply with IEEE OVI SDF Standards 3.0 for recovery_rising arcs.  
**WARN: (TECHLIB-9116):	(NangateOpenCellLibrary_slow_conditional_ecsm.lib, block starting at: 128941) The sdf_cond statement(s) in the cell DFFRS_X1 does not comply with IEEE OVI SDF Standards 3.0 for removal_rising arcs.  
**WARN: (TECHLIB-9116):	(NangateOpenCellLibrary_slow_conditional_ecsm.lib, block starting at: 129010) The sdf_cond statement(s) in the cell DFFRS_X1 does not comply with IEEE OVI SDF Standards 3.0 for recovery_rising arcs.  
**WARN: (TECHLIB-9116):	(NangateOpenCellLibrary_slow_conditional_ecsm.lib, block starting at: 129027) The sdf_cond statement(s) in the cell DFFRS_X1 does not comply with IEEE OVI SDF Standards 3.0 for removal_rising arcs.  
**WARN: (TECHLIB-9116):	(NangateOpenCellLibrary_slow_conditional_ecsm.lib, block starting at: 134192) The sdf_cond statement(s) in the cell DFFRS_X2 does not comply with IEEE OVI SDF Standards 3.0 for hold_rising arcs.  
**WARN: (TECHLIB-9116):	(NangateOpenCellLibrary_slow_conditional_ecsm.lib, block starting at: 134218) The sdf_cond statement(s) in the cell DFFRS_X2 does not comply with IEEE OVI SDF Standards 3.0 for setup_rising arcs.  
**WARN: (TECHLIB-9116):	(NangateOpenCellLibrary_slow_conditional_ecsm.lib, block starting at: 134356) The sdf_cond statement(s) in the cell DFFRS_X2 does not comply with IEEE OVI SDF Standards 3.0 for recovery_rising arcs.  
**WARN: (TECHLIB-9116):	(NangateOpenCellLibrary_slow_conditional_ecsm.lib, block starting at: 134373) The sdf_cond statement(s) in the cell DFFRS_X2 does not comply with IEEE OVI SDF Standards 3.0 for removal_rising arcs.  
**WARN: (TECHLIB-9116):	(NangateOpenCellLibrary_slow_conditional_ecsm.lib, block starting at: 134442) The sdf_cond statement(s) in the cell DFFRS_X2 does not comply with IEEE OVI SDF Standards 3.0 for recovery_rising arcs.  
**WARN: (TECHLIB-9116):	(NangateOpenCellLibrary_slow_conditional_ecsm.lib, block starting at: 134459) The sdf_cond statement(s) in the cell DFFRS_X2 does not comply with IEEE OVI SDF Standards 3.0 for removal_rising arcs.  
**WARN: (TECHLIB-9116):	(NangateOpenCellLibrary_slow_conditional_ecsm.lib, block starting at: 330053) The sdf_cond statement(s) in the cell SDFFRS_X1 does not comply with IEEE OVI SDF Standards 3.0 for hold_rising arcs.  
**WARN: (TECHLIB-9116):	(NangateOpenCellLibrary_slow_conditional_ecsm.lib, block starting at: 330079) The sdf_cond statement(s) in the cell SDFFRS_X1 does not comply with IEEE OVI SDF Standards 3.0 for hold_rising arcs.  
**WARN: (TECHLIB-9116):	(NangateOpenCellLibrary_slow_conditional_ecsm.lib, block starting at: 330105) The sdf_cond statement(s) in the cell SDFFRS_X1 does not comply with IEEE OVI SDF Standards 3.0 for setup_rising arcs.  
**WARN: (TECHLIB-9116):	(NangateOpenCellLibrary_slow_conditional_ecsm.lib, block starting at: 330131) The sdf_cond statement(s) in the cell SDFFRS_X1 does not comply with IEEE OVI SDF Standards 3.0 for setup_rising arcs.  
**WARN: (TECHLIB-9116):	(NangateOpenCellLibrary_slow_conditional_ecsm.lib, block starting at: 330177) The sdf_cond statement(s) in the cell SDFFRS_X1 does not comply with IEEE OVI SDF Standards 3.0 for recovery_rising arcs.  
**WARN: (TECHLIB-9116):	(NangateOpenCellLibrary_slow_conditional_ecsm.lib, block starting at: 330194) The sdf_cond statement(s) in the cell SDFFRS_X1 does not comply with IEEE OVI SDF Standards 3.0 for recovery_rising arcs.  
**WARN: (TECHLIB-9116):	(NangateOpenCellLibrary_slow_conditional_ecsm.lib, block starting at: 330211) The sdf_cond statement(s) in the cell SDFFRS_X1 does not comply with IEEE OVI SDF Standards 3.0 for recovery_rising arcs.  
**WARN: (TECHLIB-9116):	(NangateOpenCellLibrary_slow_conditional_ecsm.lib, block starting at: 330228) The sdf_cond statement(s) in the cell SDFFRS_X1 does not comply with IEEE OVI SDF Standards 3.0 for recovery_rising arcs.  
 read 134 cells in library 'NangateOpenCellLibrary' 
Reading min timing library '/afs/eos.ncsu.edu/lockers/workspace/ece/ece720/001/ghuang2/gitrepo/hw08/p1/pr/../../../../../../../../../research/ece/wdavis/tech/nangate/NangateOpenCellLibrary_PDKv1_3_v2009_07/liberty/NangateOpenCellLibrary_fast_conditional_ecsm.lib' ...
 read 134 cells in library 'NangateOpenCellLibrary' 
*** End library_loading (cpu=0.03min, mem=21.2M, fe_cpu=0.06min, fe_mem=221.6M) ***
Starting recursive module instantiation check.
No recursion found.
Building hierarchical netlist for Cell CORTEXM0DS ...
*** Netlist is unique.
** info: there are 270 modules.
** info: there are 8316 stdCell insts.

*** Memory Usage v0.159.2.6.2.1 (Current mem = 226.336M, initial mem = 46.484M) ***
*info - Done with setDoAssign with 7 assigns removed and 0 assigns could not be removed.
CTE reading timing constraint file '/afs/eos.ncsu.edu/lockers/workspace/ece/ece720/001/ghuang2/gitrepo/hw08/p1/pr/./CORTEXM0DS_cts.enc.dat/CORTEXM0DS.pt' ...
CORTEXM0DS
INFO (CTE): constraints read successfully
*** Read timing constraints (cpu=0:00:00.0 mem=227.4M) ***
Total number of combinational cells: 99
Total number of sequential cells: 29
Total number of tristate cells: 6
Total number of level shifter cells: 0
Total number of power gating cells: 0
Total number of isolation cells: 0
Total number of power switch cells: 0
Total number of pulse generator cells: 0
Total number of always on buffers: 0
Total number of retention cells: 0
List of usable buffers: BUF_X2 BUF_X1 BUF_X4 BUF_X8 CLKBUF_X1 CLKBUF_X3 CLKBUF_X2
Total number of usable buffers: 7
List of unusable buffers:
Total number of unusable buffers: 0
List of usable inverters: INV_X2 INV_X1 INV_X16 INV_X32 INV_X4 INV_X8
Total number of usable inverters: 6
List of unusable inverters:
Total number of unusable inverters: 0
List of identified usable delay cells: BUF_X16 BUF_X32
Total number of identified usable delay cells: 2
List of identified unusable delay cells:
Total number of identified unusable delay cells: 0
*info: set bottom ioPad orient R0
Set Using Default Delay Limit as 1000.
Set Default Net Delay as 1000 ps.
Set Default Net Load as 0.5 pF.
Set Input Pin Transition Delay as 120 ps.
PreRoute Cap Scale Factor :        1.00
PreRoute Res Scale Factor :        1.00
PostRoute Cap Scale Factor :       1.00
PostRoute Res Scale Factor :       1.00
PostRoute XCap Scale Factor :      1.00

PreRoute Clock Cap Scale Factor :  1.00	[Derived from postRoute_cap (effortLevel low)]
PreRoute Clock Res Scale Factor :  1.00	[Derived from postRoute_res (effortLevel low)]
PostRoute Clock Cap Scale Factor : 1.00	[Derived from postRoute_cap (effortLevel low)]
PostRoute Clock Res Scale Factor : 1.00	[Derived from postRoute_res (effortLevel low)]
Loading preference file ./CORTEXM0DS_cts.enc.dat/enc.pref.tcl ...
Loading mode file ./CORTEXM0DS_cts.enc.dat/CORTEXM0DS.mode ...
*info: Setting hold target slack to 0.150
*info: Setting setup target slack to 0.000
*info: Hold target slack is 0.150
Reading floorplan file - ./CORTEXM0DS_cts.enc.dat/CORTEXM0DS.fp.gz (mem = 228.7M).
Set FPlanBox to (0 0 544820 540880)
Extracting standard cell pins and blockage ...... 
Pin and blockage extraction finished
*** End loading floorplan (cpu = 0:00:00.0, mem = 228.7M) ***
loading place ...
*** Checked 2 GNC rules.
*** applyConnectGlobalNets disabled.
Reading placement file - ./CORTEXM0DS_cts.enc.dat/CORTEXM0DS.place.gz.
** Reading stdCellPlacement "./CORTEXM0DS_cts.enc.dat/CORTEXM0DS.place.gz" ...
*** Completed restorePlace (cpu=0:00:00.0 real=0:00:00.0 mem=229.0M) ***
Total net length = 1.458e+05 (7.204e+04 7.373e+04) (ext = 9.247e+03)
*** Checked 2 GNC rules.
*** Applying global-net connections...
*** Applied 2 GNC rules (cpu = 0:00:00.0, w/ 0:00:00.0 init)
loading route ...
Reading routing file - ./CORTEXM0DS_cts.enc.dat/CORTEXM0DS.route.gz.
Reading Cadence  routing data (Created by Encounter v09.11-s084_1 on Tue Apr 15 11:35:53 2014 Format: 9.3)...
Suppress "**WARN ..." messages.
routingBox: (0 0) (544820 540880)
coreBox:    (80180 80080) (464820 460880)
Un-suppress "**WARN ..." messages.
*** Total 9228 nets are successfully restored.
*** Completed restoreRoute (cpu=0:00:00.1 real=0:00:00.0 mem=237.4M) ***
Checking spec file integrity...

Reading clock tree spec file './CORTEXM0DS_cts.enc.dat/CORTEXM0DS.ctstch' ...

RouteType               : FE_CTS_DEFAULT
PreferredExtraSpace     : 1
Shield                  : NONE
PreferLayer             : M3 M4 
Est. Cap                : 0.128449(V=0.142029 H=0.11487) (ff/um) [6.42246e-05]
Est. Res                : 2.53571(V=1.5 H=3.57143)(ohm/um) [0.00126786]
Est. Via Res            : 0(ohm) [0]
Est. Via Cap            : 0(ff)
M1(H) w=0.07(um) s=0.065(um) p=0.19(um) es=0.31(um) cap=0.112(ff/um) res=5.43(ohm/um) viaRes=0(ohm) viaCap=0(ff)
M2(V) w=0.07(um) s=0.07(um) p=0.19(um) es=0.31(um) cap=0.115(ff/um) res=3.57(ohm/um) viaRes=0(ohm) viaCap=0(ff)
M3(H) w=0.07(um) s=0.07(um) p=0.19(um) es=0.31(um) cap=0.115(ff/um) res=3.57(ohm/um) viaRes=0(ohm) viaCap=0(ff)
M4(V) w=0.14(um) s=0.14(um) p=0.28(um) es=0.42(um) cap=0.142(ff/um) res=1.5(ohm/um) viaRes=0(ohm) viaCap=0(ff)
M5(H) w=0.14(um) s=0.14(um) p=0.28(um) es=0.42(um) cap=0.142(ff/um) res=1.5(ohm/um) viaRes=0(ohm) viaCap=0(ff)
M6(V) w=0.14(um) s=0.14(um) p=0.28(um) es=0.42(um) cap=0.142(ff/um) res=1.5(ohm/um) viaRes=0(ohm) viaCap=0(ff)
M7(H) w=0.4(um) s=0.4(um) p=0.8(um) es=1.2(um) cap=0.176(ff/um) res=0.188(ohm/um) viaRes=0(ohm) viaCap=0(ff)
M8(V) w=0.4(um) s=0.4(um) p=0.8(um) es=1.2(um) cap=0.176(ff/um) res=0.188(ohm/um) viaRes=0(ohm) viaCap=0(ff)
M9(H) w=0.8(um) s=0.8(um) p=1.6(um) es=2.4(um) cap=0.247(ff/um) res=0.0375(ohm/um) viaRes=0(ohm) viaCap=0(ff)
M10(V) w=0.8(um) s=0.8(um) p=1.6(um) es=2.4(um) cap=0.187(ff/um) res=0.0375(ohm/um) viaRes=0(ohm) viaCap=0(ff)

RouteType               : FE_CTS_DEFAULT_LEAF
PreferredExtraSpace     : 1
Shield                  : NONE
PreferLayer             : M3 M4 
Est. Cap                : 0.128449(V=0.142029 H=0.11487) (ff/um) [6.42246e-05]
Est. Res                : 2.53571(V=1.5 H=3.57143)(ohm/um) [0.00126786]
Est. Via Res            : 0(ohm) [0]
Est. Via Cap            : 0(ff)
M1(H) w=0.07(um) s=0.065(um) p=0.19(um) es=0.31(um) cap=0.112(ff/um) res=5.43(ohm/um) viaRes=0(ohm) viaCap=0(ff)
M2(V) w=0.07(um) s=0.07(um) p=0.19(um) es=0.31(um) cap=0.115(ff/um) res=3.57(ohm/um) viaRes=0(ohm) viaCap=0(ff)
M3(H) w=0.07(um) s=0.07(um) p=0.19(um) es=0.31(um) cap=0.115(ff/um) res=3.57(ohm/um) viaRes=0(ohm) viaCap=0(ff)
M4(V) w=0.14(um) s=0.14(um) p=0.28(um) es=0.42(um) cap=0.142(ff/um) res=1.5(ohm/um) viaRes=0(ohm) viaCap=0(ff)
M5(H) w=0.14(um) s=0.14(um) p=0.28(um) es=0.42(um) cap=0.142(ff/um) res=1.5(ohm/um) viaRes=0(ohm) viaCap=0(ff)
M6(V) w=0.14(um) s=0.14(um) p=0.28(um) es=0.42(um) cap=0.142(ff/um) res=1.5(ohm/um) viaRes=0(ohm) viaCap=0(ff)
M7(H) w=0.4(um) s=0.4(um) p=0.8(um) es=1.2(um) cap=0.176(ff/um) res=0.188(ohm/um) viaRes=0(ohm) viaCap=0(ff)
M8(V) w=0.4(um) s=0.4(um) p=0.8(um) es=1.2(um) cap=0.176(ff/um) res=0.188(ohm/um) viaRes=0(ohm) viaCap=0(ff)
M9(H) w=0.8(um) s=0.8(um) p=1.6(um) es=2.4(um) cap=0.247(ff/um) res=0.0375(ohm/um) viaRes=0(ohm) viaCap=0(ff)
M10(V) w=0.8(um) s=0.8(um) p=1.6(um) es=2.4(um) cap=0.187(ff/um) res=0.0375(ohm/um) viaRes=0(ohm) viaCap=0(ff)


****** AutoClockRootPin ******
AutoClockRootPin 1: HCLK
# NoGating         NO
# SetDPinAsSync    NO
# SetIoPinAsSync   NO
# SetAsyncSRPinAsSync   NO
# SetTriStEnPinAsSync   NO
# SetBBoxPinAsSync   NO
# RouteClkNet      NO
# PostOpt          YES
# RouteType        FE_CTS_DEFAULT
# LeafRouteType    FE_CTS_DEFAULT_LEAF

***** !! NOTE !! *****

CTS treats D-pins and I/O pins as non-synchronous pins by default.
If you want to change the behavior, you need to use the SetDPinAsSync
or SetIoPinAsSync statement in the clock tree specification file,
or use the setCTSMode -traceDPinAsLeaf {true|false} command,
or use the setCTSMode -traceIoPinAsLeaf {true|false} command
before specifyClockTree command.

*** End specifyClockTree (cpu=0:00:00.0, real=0:00:00.0, mem=242.5M) ***
source ./CORTEXM0DS_cts.enc.dat/CORTEXM0DS_power_constraints.tcl
**WARN: (ENCSR-4053):	SRoute option "-noBlockPins" is obsolete and has been replaced by "-connect". The obsolete option still works in this release, but to avoid this warning and to ensure compatibility with future releases, update your script to use "-connect".
**WARN: (ENCSR-4053):	SRoute option "-noPadRings" is obsolete and has been replaced by "-connect". The obsolete option still works in this release, but to avoid this warning and to ensure compatibility with future releases, update your script to use "-connect".
No routing obstructions were found in the design.
*** Begin SPECIAL ROUTE on Tue Apr 15 11:36:00 2014 ***
Sroute/fcroute version 8.1.46 promoted on 02/17/2009.
SPECIAL ROUTE ran on directory: /afs/eos.ncsu.edu/lockers/workspace/ece/ece720/001/ghuang2/gitrepo/hw08/p1/pr
SPECIAL ROUTE ran on machine: lib-33034.eos.ncsu.edu (Linux 2.6.32-431.11.2.el6.x86_64 x86_64 1.60Ghz)

Begin option processing ...
(from .sroute_21242.conf) srouteConnectPowerBump set to false
(from .sroute_21242.conf) routeSpecial set to true
(from .sroute_21242.conf) srouteConnectBlockPin set to false
(from .sroute_21242.conf) srouteFollowCorePinEnd set to 3
(from .sroute_21242.conf) srouteJogControl set to "preferWithChanges differentLayer"
(from .sroute_21242.conf) sroutePadPinAllPorts set to true
(from .sroute_21242.conf) sroutePreserveExistingRoutes set to true
End option processing: cpu: 0:00:00, real: 0:00:00, peak: 442.00 megs.

Reading DB technology information...
Finished reading DB technology information.
Reading floorplan and netlist information...
Finished reading floorplan and netlist information.
Read in 20 layers, 10 routing layers, 1 overlap layer
Read in 134 macros, 82 used
Read in 8316 components
  8316 core components: 0 unplaced, 7451 placed, 865 fixed
Read in 136 physical pins
  136 physical pins: 0 unplaced, 136 placed, 0 fixed
Read in 136 nets
Read in 2 special nets, 2 routed
Read in 16768 terminals
Begin power routing ...
**WARN: (ENCSR-1256):	Net VDD does not have CORE class pad pins to be routed.
	Please check net list or port class.
Net VDD does not have AREAIO class pad pins to be routed.
	Please check net list or port class.
**WARN: (ENCSR-1256):	Net VSS does not have CORE class pad pins to be routed.
	Please check net list or port class.
Net VSS does not have AREAIO class pad pins to be routed.
	Please check net list or port class.
CPU time for FollowPin 0 seconds
CPU time for FollowPin 0 seconds
  Number of IO ports routed: 0
  Number of Stripe ports routed: 0
  Number of Core ports routed: 274
  Number of Followpin connections: 137
End power routing: cpu: 0:00:00, real: 0:00:01, peak: 456.00 megs.



 Begin updating DB with routing results ...
 Updating DB with 136 io pins ...
 Updating DB with 39 via definition ...

sroute post-processing starts at Tue Apr 15 11:36:01 2014
The viaGen is rebuilding shadow vias for net VSS.
sroute post-processing ends at Tue Apr 15 11:36:01 2014

sroute post-processing starts at Tue Apr 15 11:36:01 2014
The viaGen is rebuilding shadow vias for net VDD.
sroute post-processing ends at Tue Apr 15 11:36:01 2014

**WARN: (ENCPP-589):	The power planner detected wires that are close to the standard cell area.
**WARN: (ENCPP-590):	Turn on violation markers and run verifyGeometry to display violation details.

sroute: Total CPU time used = 0:0:0
sroute: Total Real time used = 0:0:2
sroute: Total Memory used = 7.03 megs
sroute: Total Peak Memory used = 249.84 megs
encounter 1> *INFO: Adding fillers to top-module.
*INFO:   Added 942 filler insts (cell FILLCELL_X32 / prefix FILL).
*INFO:   Added 950 filler insts (cell FILLCELL_X16 / prefix FILL).
*INFO:   Added 2224 filler insts (cell FILLCELL_X8 / prefix FILL).
*INFO:   Added 3003 filler insts (cell FILLCELL_X4 / prefix FILL).
*INFO:   Added 2968 filler insts (cell FILLCELL_X2 / prefix FILL).
*INFO:   Added 3195 filler insts (cell FILLCELL_X1 / prefix FILL).
*INFO: Total 13282 filler insts added - prefix FILL (CPU: 0:00:00.1).
Begin checking placement ...
*info: Placed = 20733
*info: Unplaced = 0
Placement Density:100.00%(36610/36610)

changeUseClockNetStatus Option :  -noFixedNetWires 
*** Changed status on (0) nets in Clock.
*** End changeUseClockNetStatus (cpu=0:00:00.0, real=0:00:00.0, mem=249.8M) ***
Start route 25 clock nets ...

changeUseClockNetStatus Option :  -noFixedNetWires 
*** Changed status on (0) nets in Clock.
*** End changeUseClockNetStatus (cpu=0:00:00.0, real=0:00:00.0, mem=249.8M) ***
setAttribute -net * -skip_routing true
setAttribute -net @CLOCK -skip_routing false

globalDetailRoute

#Start globalDetailRoute on Tue Apr 15 11:36:02 2014
#
#cpu time = 00:00:00, elapsed time = 00:00:00, memory = 249.00 (Mb)
#NanoRoute Version v09.11-s008 NR100226-1806/USR63-UB
#WARNING (NREX-37) No permittivity value was specified in the process LEF file. Default permittivity value 3.900000 will be used.
#WARNING (NREX-6) No Extended Cap Table was imported, an approximate Extended Cap Table database will be used.
#Merging special wires...
#Number of eco nets is 0
#
#Start data preparation...
#Auto generating G-grids with size=15 tracks, using layer metal2's pitch = 0.140.
#Using automatically generated G-grids.
#
#Data preparation is done on Tue Apr 15 11:36:05 2014
#
#Analyzing routing resource...
#Routing resource analysis is done on Tue Apr 15 11:36:05 2014
#
#  Resource Analysis:
#
#               Routing  #Total     %Gcell
#  Layer      Direction   Gcell     Blocked
#  ------------------------------------------
#  Metal 1        H       16770      21.60%
#  Metal 2        V       16770      12.65%
#  Metal 3        H       16770       0.00%
#  Metal 4        V       16770      12.65%
#  Metal 5        H       16770      14.65%
#  Metal 6        V       16770      32.95%
#  Metal 7        H       16770       0.00%
#  Metal 8        V       16770       0.00%
#  Metal 9        H       16770       0.00%
#  Metal 10       V       16770       0.00%
#  ------------------------------------------
#  Total                 167700       9.45%
#
#  25 nets (0.27%) with 1 preferred extra spacing.
#
#
#cpu time = 00:00:00, elapsed time = 00:00:00, memory = 271.00 (Mb)
#
#start global routing iteration 1...
#cpu time = 00:00:00, elapsed time = 00:00:00, memory = 271.00 (Mb)
#
#start global routing iteration 2...
#cpu time = 00:00:00, elapsed time = 00:00:00, memory = 271.00 (Mb)
#
#
#  Congestion Analysis: (blocked Gcells are excluded)
#
#                 OverCon       OverCon          
#                  #Gcell        #Gcell    %Gcell
#     Layer           (1)           (2)   OverCon
#  ----------------------------------------------
#   Metal 1      0(0.00%)      0(0.00%)   (0.00%)
#   Metal 2    107(0.64%)      2(0.01%)   (0.65%)
#   Metal 3      0(0.00%)      0(0.00%)   (0.00%)
#   Metal 4      0(0.00%)      0(0.00%)   (0.00%)
#   Metal 5      0(0.00%)      0(0.00%)   (0.00%)
#   Metal 6      0(0.00%)      0(0.00%)   (0.00%)
#   Metal 7      0(0.00%)      0(0.00%)   (0.00%)
#   Metal 8      0(0.00%)      0(0.00%)   (0.00%)
#   Metal 9      0(0.00%)      0(0.00%)   (0.00%)
#  Metal 10      0(0.00%)      0(0.00%)   (0.00%)
#  ----------------------------------------------
#     Total    107(0.07%)      2(0.00%)   (0.07%)
#
#  The worst congested Gcell overcon (routing demand over resource in number of tracks) = 2
#
#Complete Global Routing.
#Total wire length = 5164 um.
#Total half perimeter of net bounding box = 2325 um.
#Total wire length on LAYER metal1 = 0 um.
#Total wire length on LAYER metal2 = 44 um.
#Total wire length on LAYER metal3 = 3364 um.
#Total wire length on LAYER metal4 = 1756 um.
#Total wire length on LAYER metal5 = 0 um.
#Total wire length on LAYER metal6 = 0 um.
#Total wire length on LAYER metal7 = 0 um.
#Total wire length on LAYER metal8 = 0 um.
#Total wire length on LAYER metal9 = 0 um.
#Total wire length on LAYER metal10 = 0 um.
#Total number of vias = 2317
#Up-Via Summary (total 2317):
#           
#-----------------------
#  Metal 1          859
#  Metal 2          846
#  Metal 3          612
#-----------------------
#                  2317 
#
#Max overcon = 2 tracks.
#Total overcon = 0.07%.
#Worst layer Gcell overcon rate = 0.65%.
#Cpu time = 00:00:01
#Elapsed time = 00:00:02
#Increased memory = 6.00 (Mb)
#Total memory = 270.00 (Mb)
#Peak memory = 302.00 (Mb)
#
#Start Detail Routing.
#start initial detail routing ...
# ECO: 1.3% of the total area was rechecked for DRC, and 40.7% required routing.
#    number of violations = 0
#cpu time = 00:00:04, elapsed time = 00:00:06, memory = 275.00 (Mb)
#start 1st optimization iteration ...
#    number of violations = 0
#cpu time = 00:00:00, elapsed time = 00:00:00, memory = 275.00 (Mb)
#Complete Detail Routing.
#Total wire length = 5066 um.
#Total half perimeter of net bounding box = 2325 um.
#Total wire length on LAYER metal1 = 1 um.
#Total wire length on LAYER metal2 = 35 um.
#Total wire length on LAYER metal3 = 2889 um.
#Total wire length on LAYER metal4 = 2142 um.
#Total wire length on LAYER metal5 = 0 um.
#Total wire length on LAYER metal6 = 0 um.
#Total wire length on LAYER metal7 = 0 um.
#Total wire length on LAYER metal8 = 0 um.
#Total wire length on LAYER metal9 = 0 um.
#Total wire length on LAYER metal10 = 0 um.
#Total number of vias = 2967
#Up-Via Summary (total 2967):
#           
#-----------------------
#  Metal 1          894
#  Metal 2          895
#  Metal 3         1178
#-----------------------
#                  2967 
#
#Total number of DRC violations = 0
#Total number of violations on LAYER metal1 = 0
#Total number of violations on LAYER metal2 = 0
#Total number of violations on LAYER metal3 = 0
#Total number of violations on LAYER metal4 = 0
#Total number of violations on LAYER metal5 = 0
#Total number of violations on LAYER metal6 = 0
#Total number of violations on LAYER metal7 = 0
#Total number of violations on LAYER metal8 = 0
#Total number of violations on LAYER metal9 = 0
#Total number of violations on LAYER metal10 = 0
#detailRoute Statistics:
#Cpu time = 00:00:04
#Elapsed time = 00:00:06
#Increased memory = 0.00 (Mb)
#Total memory = 270.00 (Mb)
#Peak memory = 302.00 (Mb)
#
#globalDetailRoute statistics:
#Cpu time = 00:00:06
#Elapsed time = 00:00:09
#Increased memory = 19.00 (Mb)
#Total memory = 268.00 (Mb)
#Peak memory = 302.00 (Mb)
#Number of warnings = 2
#Total number of warnings = 2
#Number of fails = 0
#Total number of fails = 0
#Complete globalDetailRoute on Tue Apr 15 11:36:11 2014
#
setAttribute -net * -skip_routing false

globalDetailRoute

#Start globalDetailRoute on Tue Apr 15 11:36:11 2014
#
#NanoRoute Version v09.11-s008 NR100226-1806/USR63-UB
#WARNING (NREX-37) No permittivity value was specified in the process LEF file. Default permittivity value 3.900000 will be used.
#WARNING (NREX-6) No Extended Cap Table was imported, an approximate Extended Cap Table database will be used.
#Merging special wires...
#Number of eco nets is 0
#
#Start data preparation...
#
#Data preparation is done on Tue Apr 15 11:36:12 2014
#
#Analyzing routing resource...
#Routing resource analysis is done on Tue Apr 15 11:36:12 2014
#
#  Resource Analysis:
#
#               Routing  #Total     %Gcell
#  Layer      Direction   Gcell     Blocked
#  ------------------------------------------
#  Metal 1        H       16770      21.60%
#  Metal 2        V       16770      12.65%
#  Metal 3        H       16770       0.00%
#  Metal 4        V       16770      12.65%
#  Metal 5        H       16770      14.65%
#  Metal 6        V       16770      32.95%
#  Metal 7        H       16770       0.00%
#  Metal 8        V       16770       0.00%
#  Metal 9        H       16770       0.00%
#  Metal 10       V       16770       0.00%
#  ------------------------------------------
#  Total                 167700       9.45%
#
#  25 nets (0.27%) with 1 preferred extra spacing.
#
#
#cpu time = 00:00:00, elapsed time = 00:00:00, memory = 272.00 (Mb)
#
#start global routing iteration 1...
#cpu time = 00:00:01, elapsed time = 00:00:01, memory = 281.00 (Mb)
#
#start global routing iteration 2...
#cpu time = 00:00:02, elapsed time = 00:00:02, memory = 282.00 (Mb)
#
#start global routing iteration 3...
#cpu time = 00:00:02, elapsed time = 00:00:02, memory = 282.00 (Mb)
#
#start global routing iteration 4...
#cpu time = 00:00:03, elapsed time = 00:00:03, memory = 283.00 (Mb)
#
#
#  Congestion Analysis: (blocked Gcells are excluded)
#
#                 OverCon       OverCon       OverCon       OverCon          
#                  #Gcell        #Gcell        #Gcell        #Gcell    %Gcell
#     Layer         (1-2)         (3-5)         (6-7)        (8-10)   OverCon
#  --------------------------------------------------------------------------
#   Metal 1      0(0.00%)      0(0.00%)      0(0.00%)      0(0.00%)   (0.00%)
#   Metal 2    454(2.71%)    482(2.87%)    116(0.69%)     42(0.25%)   (6.52%)
#   Metal 3      0(0.00%)      0(0.00%)      0(0.00%)      0(0.00%)   (0.00%)
#   Metal 4      0(0.00%)      0(0.00%)      0(0.00%)      0(0.00%)   (0.00%)
#   Metal 5      0(0.00%)      0(0.00%)      0(0.00%)      0(0.00%)   (0.00%)
#   Metal 6      0(0.00%)      0(0.00%)      0(0.00%)      0(0.00%)   (0.00%)
#   Metal 7      0(0.00%)      0(0.00%)      0(0.00%)      0(0.00%)   (0.00%)
#   Metal 8      0(0.00%)      0(0.00%)      0(0.00%)      0(0.00%)   (0.00%)
#   Metal 9      0(0.00%)      0(0.00%)      0(0.00%)      0(0.00%)   (0.00%)
#  Metal 10      0(0.00%)      0(0.00%)      0(0.00%)      0(0.00%)   (0.00%)
#  --------------------------------------------------------------------------
#     Total    454(0.29%)    482(0.30%)    116(0.07%)     42(0.03%)   (0.69%)
#
#  The worst congested Gcell overcon (routing demand over resource in number of tracks) = 10
#
#Complete Global Routing.
#Total wire length = 191992 um.
#Total half perimeter of net bounding box = 153353 um.
#Total wire length on LAYER metal1 = 1733 um.
#Total wire length on LAYER metal2 = 47756 um.
#Total wire length on LAYER metal3 = 68217 um.
#Total wire length on LAYER metal4 = 32237 um.
#Total wire length on LAYER metal5 = 18864 um.
#Total wire length on LAYER metal6 = 13320 um.
#Total wire length on LAYER metal7 = 4462 um.
#Total wire length on LAYER metal8 = 3022 um.
#Total wire length on LAYER metal9 = 1796 um.
#Total wire length on LAYER metal10 = 584 um.
#Total number of vias = 65568
#Up-Via Summary (total 65568):
#           
#-----------------------
#  Metal 1        27575
#  Metal 2        24269
#  Metal 3         7804
#  Metal 4         2806
#  Metal 5         1735
#  Metal 6          635
#  Metal 7          426
#  Metal 8          244
#  Metal 9           74
#-----------------------
#                 65568 
#
#Max overcon = 10 tracks.
#Total overcon = 0.69%.
#Worst layer Gcell overcon rate = 6.52%.
#Cpu time = 00:00:08
#Elapsed time = 00:00:08
#Increased memory = 2.00 (Mb)
#Total memory = 270.00 (Mb)
#Peak memory = 302.00 (Mb)
#
#Start Detail Routing.
#start initial detail routing ...
#    number of violations = 133
#cpu time = 00:00:27, elapsed time = 00:00:27, memory = 279.00 (Mb)
#start 1st optimization iteration ...
#    number of violations = 1
#cpu time = 00:00:02, elapsed time = 00:00:02, memory = 279.00 (Mb)
#start 2nd optimization iteration ...
#    number of violations = 0
#cpu time = 00:00:00, elapsed time = 00:00:00, memory = 279.00 (Mb)
#Complete Detail Routing.
#Total wire length = 190242 um.
#Total half perimeter of net bounding box = 153353 um.
#Total wire length on LAYER metal1 = 9701 um.
#Total wire length on LAYER metal2 = 46259 um.
#Total wire length on LAYER metal3 = 63537 um.
#Total wire length on LAYER metal4 = 30966 um.
#Total wire length on LAYER metal5 = 18752 um.
#Total wire length on LAYER metal6 = 12265 um.
#Total wire length on LAYER metal7 = 3650 um.
#Total wire length on LAYER metal8 = 2759 um.
#Total wire length on LAYER metal9 = 1897 um.
#Total wire length on LAYER metal10 = 458 um.
#Total number of vias = 84864
#Up-Via Summary (total 84864):
#           
#-----------------------
#  Metal 1        32749
#  Metal 2        33962
#  Metal 3        11471
#  Metal 4         3528
#  Metal 5         1839
#  Metal 6          658
#  Metal 7          415
#  Metal 8          203
#  Metal 9           39
#-----------------------
#                 84864 
#
#Total number of DRC violations = 0
#Total number of violations on LAYER metal1 = 0
#Total number of violations on LAYER metal2 = 0
#Total number of violations on LAYER metal3 = 0
#Total number of violations on LAYER metal4 = 0
#Total number of violations on LAYER metal5 = 0
#Total number of violations on LAYER metal6 = 0
#Total number of violations on LAYER metal7 = 0
#Total number of violations on LAYER metal8 = 0
#Total number of violations on LAYER metal9 = 0
#Total number of violations on LAYER metal10 = 0
#detailRoute Statistics:
#Cpu time = 00:00:29
#Elapsed time = 00:00:29
#Increased memory = 3.00 (Mb)
#Total memory = 273.00 (Mb)
#Peak memory = 302.00 (Mb)
#
#globalDetailRoute statistics:
#Cpu time = 00:00:37
#Elapsed time = 00:00:37
#Increased memory = 2.00 (Mb)
#Total memory = 270.00 (Mb)
#Peak memory = 302.00 (Mb)
#Number of warnings = 2
#Total number of warnings = 4
#Number of fails = 0
#Total number of fails = 0
#Complete globalDetailRoute on Tue Apr 15 11:36:48 2014
#
*info: Setting hold target slack to 0.150
**optDesign ... cpu = 0:00:00, real = 0:00:00, mem = 270.0M **
#Created 135 library cell signatures
#Created 9242 NETS and 0 SPECIALNETS signatures
#Created 21599 instance signatures
Begin checking placement ...
*info: Placed = 20733
*info: Unplaced = 0
Placement Density:100.00%(36610/36610)
setExtractRCMode -engine postRoute -coupled false
*** optDesign -postRoute ***
DRC Margin: user margin 0.0; extra margin 0
Setup Target Slack: user slack 0.0
Hold Target Slack: user slack 0.1499
*info: Setting setup target slack to 0.000
*info: Hold target slack is 0.150
*** CTE mode ***
Deleting the dont_use list
Extraction called for design 'CORTEXM0DS' of instances=21598 and nets=9242 using extraction engine 'postRoute' at effort level 'low' .
**WARN: (ENCEXT-3530):	Use of command 'setDesignMode -process <process_node>' prior to extraction is recommended for maximum accuracy and optimal automatic threshold setting.
Detail RC Extraction called for design CORTEXM0DS.
**WARN: (ENCEXT-6166):	Using capacitance table file without EXTENDED section is not recommended and will result in lower accuracy for clock nets in preRoute extraction and for all nets when using postRoute extraction -effortLevel low. Regeneration of full capacitance table is recommended.
**WARN: (ENCEXT-3032):	Since cap. table file was not provided, it will be created internally with the following process info:
* Layer Id             : 1 - M1
      Thickness        : 0.13
      Min Width        : 0.07
      Layer Dielectric : 4.1
* Layer Id             : 2 - M2
      Thickness        : 0.14
      Min Width        : 0.07
      Layer Dielectric : 4.1
* Layer Id             : 3 - M3
      Thickness        : 0.14
      Min Width        : 0.07
      Layer Dielectric : 4.1
* Layer Id             : 4 - M4
      Thickness        : 0.28
      Min Width        : 0.14
      Layer Dielectric : 4.1
* Layer Id             : 5 - M5
      Thickness        : 0.28
      Min Width        : 0.14
      Layer Dielectric : 4.1
* Layer Id             : 6 - M6
      Thickness        : 0.28
      Min Width        : 0.14
      Layer Dielectric : 4.1
* Layer Id             : 7 - M7
      Thickness        : 0.8
      Min Width        : 0.4
      Layer Dielectric : 4.1
* Layer Id             : 8 - M8
      Thickness        : 0.8
      Min Width        : 0.4
      Layer Dielectric : 4.1
* Layer Id             : 9 - M9
      Thickness        : 2
      Min Width        : 0.8
      Layer Dielectric : 4.1
* Layer Id             : 10 - M10
      Thickness        : 2
      Min Width        : 0.8
      Layer Dielectric : 4.1
extractDetailRC Option : -outfile ./CORTEXM0DS_5juMP8_21242.rcdb.d  -basic
RC Mode: Detail [Basic CapTable, LEF Resistances]
Capacitance Scaling Factor   : 1.00000
Resistance Scaling Factor    : 1.00000
Coupling Cap. Scaling Factor : 1.00000
Clock Cap. Scaling Factor    : 1.00000
Clock Res. Scaling Factor    : 1.00000
Shrink Factor                : 1.00000
Checking LVS Completed (CPU Time= 0:00:00.0  MEM= 272.0M)
Creating parasitic data file './CORTEXM0DS_5juMP8_21242.rcdb.d/header.seq' for storing RC.
Extracted 10.0017% (CPU Time= 0:00:00.1  MEM= 272.0M)
**WARN: (ENCEXT-2882):	Unable to find resistance for via 'via1_4' in capacitance table or LEF files. Check the capacitance table and LEF files. Assigning default value of 4.0 ohms.
Extracted 20.0021% (CPU Time= 0:00:00.2  MEM= 272.0M)
Extracted 30.0025% (CPU Time= 0:00:00.2  MEM= 272.0M)
Extracted 40.0016% (CPU Time= 0:00:00.2  MEM= 272.0M)
Extracted 50.002% (CPU Time= 0:00:00.3  MEM= 272.0M)
**WARN: (ENCEXT-2882):	Unable to find resistance for via 'via2_5' in capacitance table or LEF files. Check the capacitance table and LEF files. Assigning default value of 4.0 ohms.
Extracted 60.0023% (CPU Time= 0:00:00.3  MEM= 272.0M)
Extracted 70.0014% (CPU Time= 0:00:00.4  MEM= 272.0M)
Extracted 80.0018% (CPU Time= 0:00:00.4  MEM= 272.0M)
**WARN: (ENCEXT-2882):	Unable to find resistance for via 'via3_2' in capacitance table or LEF files. Check the capacitance table and LEF files. Assigning default value of 4.0 ohms.
Extracted 90.0022% (CPU Time= 0:00:00.5  MEM= 272.0M)
**WARN: (ENCEXT-2882):	Unable to find resistance for via 'via4_0' in capacitance table or LEF files. Check the capacitance table and LEF files. Assigning default value of 4.0 ohms.
**WARN: (ENCEXT-2882):	Unable to find resistance for via 'via5_0' in capacitance table or LEF files. Check the capacitance table and LEF files. Assigning default value of 4.0 ohms.
**WARN: (ENCEXT-2882):	Unable to find resistance for via 'via6_0' in capacitance table or LEF files. Check the capacitance table and LEF files. Assigning default value of 4.0 ohms.
**WARN: (ENCEXT-2882):	Unable to find resistance for via 'via7_0' in capacitance table or LEF files. Check the capacitance table and LEF files. Assigning default value of 4.0 ohms.
**WARN: (ENCEXT-2882):	Unable to find resistance for via 'via8_0' in capacitance table or LEF files. Check the capacitance table and LEF files. Assigning default value of 4.0 ohms.
**WARN: (ENCEXT-2882):	Unable to find resistance for via 'via9_0' in capacitance table or LEF files. Check the capacitance table and LEF files. Assigning default value of 4.0 ohms.
Extracted 100% (CPU Time= 0:00:00.6  MEM= 272.0M)
Nr. Extracted Resistors     : 161761
Nr. Extracted Ground Cap.   : 170921
Nr. Extracted Coupling Cap. : 0
Opening parasitic data file './CORTEXM0DS_5juMP8_21242.rcdb.d/header.seq' for reading.
Detail RC Extraction DONE (CPU Time: 0:00:00.7  Real Time: 0:00:01.0  MEM: 272.027M)
Calculate delays in BcWc mode...
Topological Sorting (CPU = 0:00:00.0, MEM = 281.8M)
Number of Loop : 0
Start delay calculation (mem=281.797M)...
delayCal using detail RC...
Opening parasitic data file './CORTEXM0DS_5juMP8_21242.rcdb.d/header.seq' for reading.

RC Database In Completed (CPU Time= 0:00:00.1  MEM= 288.7M)
Closing parasitic data file './CORTEXM0DS_5juMP8_21242.rcdb.d/header.seq'. 9201 times net's RC data read were performed.
Delay calculation completed. (cpu=0:00:00.6 real=0:00:01.0 mem=291.395M 0)
*** CDM Built up (cpu=0:00:00.8  real=0:00:02.0  mem= 291.4M) ***
-holdSdfFile {}                            # string, default=""
-holdSdfScript {}                          # string, default="", private

------------------------------------------------------------
             Initial Summary                             
------------------------------------------------------------

+--------------------+---------+
|     Setup mode     |   all   |
+--------------------+---------+
|           WNS (ns):| 13.489  |
|           TNS (ns):|  0.000  |
|    Violating Paths:|    0    |
|          All Paths:|  1682   |
+--------------------+---------+

+----------------+-------------------------------+------------------+
|                |              Real             |       Total      |
|    DRVs        +------------------+------------+------------------|
|                |  Nr nets(terms)  | Worst Vio  |  Nr nets(terms)  |
+----------------+------------------+------------+------------------+
|   max_cap      |      0 (0)       |   0.000    |      0 (0)       |
|   max_tran     |     64 (366)     |   -0.242   |     64 (366)     |
|   max_fanout   |      0 (0)       |     0      |      0 (0)       |
+----------------+------------------+------------+------------------+

Density: 100.000%
------------------------------------------------------------
**optDesign ... cpu = 0:00:02, real = 0:00:04, mem = 292.3M **
*info: Start fixing DRV (Mem = 292.36M) ...
*info: Options = -postRoute -maxCap -maxTran -noMaxFanout -sensitivity -backward -maxIter 1
*info: Start fixing DRV iteration 1 ...
*** Starting dpFixDRCViolation (292.4M)
*info: 25 clock nets excluded
*info: 2 special nets excluded.
*info: 16 no-driver nets excluded.
*info: There are 5 candidate Buffer cells
*info: There are 6 candidate Inverter cells
Initializing placement sections/sites ...
Density before buffering = 1.000000
Start fixing design rules ... (0:00:00.1 293.3M)
Done fixing design rule (0:00:00.2 293.9M)

Summary:
0 buffer added on 0 net (with 0 driver resized)

Density after buffering = 1.000000 (> 0.950000); stop prematurally!
*** Completed dpFixDRCViolation (0:00:00.2 293.9M)

*info:
*info: Completed fixing DRV (CPU Time = 0:00:00, Mem = 293.91M).

------------------------------------------------------------
     Summary (cpu=0.00min real=0.00min mem=293.9M)                             
------------------------------------------------------------

+--------------------+---------+
|     Setup mode     |   all   |
+--------------------+---------+
|           WNS (ns):| 13.489  |
|           TNS (ns):|  0.000  |
|    Violating Paths:|    0    |
|          All Paths:|  1682   |
+--------------------+---------+

+----------------+-------------------------------+------------------+
|                |              Real             |       Total      |
|    DRVs        +------------------+------------+------------------|
|                |  Nr nets(terms)  | Worst Vio  |  Nr nets(terms)  |
+----------------+------------------+------------+------------------+
|   max_cap      |      0 (0)       |   0.000    |      0 (0)       |
|   max_tran     |     64 (366)     |   -0.242   |     64 (366)     |
|   max_fanout   |      0 (0)       |     0      |      0 (0)       |
+----------------+------------------+------------+------------------+

Density: 100.000%
------------------------------------------------------------
**optDesign ... cpu = 0:00:02, real = 0:00:04, mem = 293.9M **
*** Timing Is met
*** Check timing (0:00:00.0)
*** Setup timing is met (target slack 0.0ns)
-routeWithEco false                      # bool, default=false, user setting
-routeWithEco true                       # bool, default=false, user setting
-routeSelectedNetOnly false              # bool, default=false
-routeWithTimingDriven false             # bool, default=false, user setting
-routeWithSiDriven false                 # bool, default=false, user setting
-drouteStartIteration 0                  # int, default=0, user setting
-drouteStartIteration 0                  # int, default=0

globalDetailRoute

#Start globalDetailRoute on Tue Apr 15 11:36:52 2014
#
#NanoRoute Version v09.11-s008 NR100226-1806/USR63-UB
#Loading the last recorded routing design signature
#No placement changes detected since last routing
#WARNING (NREX-37) No permittivity value was specified in the process LEF file. Default permittivity value 3.900000 will be used.
#WARNING (NREX-6) No Extended Cap Table was imported, an approximate Extended Cap Table database will be used.
#Merging special wires...
#WARNING (NRGR-22) Design is already detail routed.
#Cpu time = 00:00:00
#Elapsed time = 00:00:00
#Increased memory = 5.00 (Mb)
#Total memory = 299.00 (Mb)
#Peak memory = 302.00 (Mb)
#
#Start Detail Routing.
#start 1st optimization iteration ...
#    number of violations = 0
#cpu time = 00:00:00, elapsed time = 00:00:00, memory = 304.00 (Mb)
#Complete Detail Routing.
#Total wire length = 190242 um.
#Total half perimeter of net bounding box = 153353 um.
#Total wire length on LAYER metal1 = 9701 um.
#Total wire length on LAYER metal2 = 46259 um.
#Total wire length on LAYER metal3 = 63537 um.
#Total wire length on LAYER metal4 = 30966 um.
#Total wire length on LAYER metal5 = 18752 um.
#Total wire length on LAYER metal6 = 12265 um.
#Total wire length on LAYER metal7 = 3650 um.
#Total wire length on LAYER metal8 = 2759 um.
#Total wire length on LAYER metal9 = 1897 um.
#Total wire length on LAYER metal10 = 458 um.
#Total number of vias = 84864
#Up-Via Summary (total 84864):
#           
#-----------------------
#  Metal 1        32749
#  Metal 2        33962
#  Metal 3        11471
#  Metal 4         3528
#  Metal 5         1839
#  Metal 6          658
#  Metal 7          415
#  Metal 8          203
#  Metal 9           39
#-----------------------
#                 84864 
#
#Total number of DRC violations = 0
#Total number of violations on LAYER metal1 = 0
#Total number of violations on LAYER metal2 = 0
#Total number of violations on LAYER metal3 = 0
#Total number of violations on LAYER metal4 = 0
#Total number of violations on LAYER metal5 = 0
#Total number of violations on LAYER metal6 = 0
#Total number of violations on LAYER metal7 = 0
#Total number of violations on LAYER metal8 = 0
#Total number of violations on LAYER metal9 = 0
#Total number of violations on LAYER metal10 = 0
#detailRoute Statistics:
#Cpu time = 00:00:00
#Elapsed time = 00:00:00
#Increased memory = 0.00 (Mb)
#Total memory = 299.00 (Mb)
#Peak memory = 304.00 (Mb)
#Updating routing design signature
#Created 135 library cell signatures
#Created 9242 NETS and 0 SPECIALNETS signatures
#Created 21599 instance signatures
#
#globalDetailRoute statistics:
#Cpu time = 00:00:01
#Elapsed time = 00:00:01
#Increased memory = 8.00 (Mb)
#Total memory = 301.00 (Mb)
#Peak memory = 304.00 (Mb)
#Number of warnings = 3
#Total number of warnings = 7
#Number of fails = 0
#Total number of fails = 0
#Complete globalDetailRoute on Tue Apr 15 11:36:53 2014
#
**optDesign ... cpu = 0:00:03, real = 0:00:05, mem = 301.4M **
-routeWithEco false                      # bool, default=false, user setting
-routeSelectedNetOnly false              # bool, default=false
-routeWithTimingDriven false             # bool, default=false, user setting
-routeWithSiDriven false                 # bool, default=false, user setting
-drouteStartIteration 0                  # int, default=0, user setting
Extraction called for design 'CORTEXM0DS' of instances=21598 and nets=9242 using extraction engine 'postRoute' at effort level 'low' .
**WARN: (ENCEXT-3530):	Use of command 'setDesignMode -process <process_node>' prior to extraction is recommended for maximum accuracy and optimal automatic threshold setting.
Detail RC Extraction called for design CORTEXM0DS.
**WARN: (ENCEXT-6166):	Using capacitance table file without EXTENDED section is not recommended and will result in lower accuracy for clock nets in preRoute extraction and for all nets when using postRoute extraction -effortLevel low. Regeneration of full capacitance table is recommended.
**WARN: (ENCEXT-3032):	Since cap. table file was not provided, it will be created internally with the following process info:
* Layer Id             : 1 - M1
      Thickness        : 0.13
      Min Width        : 0.07
      Layer Dielectric : 4.1
* Layer Id             : 2 - M2
      Thickness        : 0.14
      Min Width        : 0.07
      Layer Dielectric : 4.1
* Layer Id             : 3 - M3
      Thickness        : 0.14
      Min Width        : 0.07
      Layer Dielectric : 4.1
* Layer Id             : 4 - M4
      Thickness        : 0.28
      Min Width        : 0.14
      Layer Dielectric : 4.1
* Layer Id             : 5 - M5
      Thickness        : 0.28
      Min Width        : 0.14
      Layer Dielectric : 4.1
* Layer Id             : 6 - M6
      Thickness        : 0.28
      Min Width        : 0.14
      Layer Dielectric : 4.1
* Layer Id             : 7 - M7
      Thickness        : 0.8
      Min Width        : 0.4
      Layer Dielectric : 4.1
* Layer Id             : 8 - M8
      Thickness        : 0.8
      Min Width        : 0.4
      Layer Dielectric : 4.1
* Layer Id             : 9 - M9
      Thickness        : 2
      Min Width        : 0.8
      Layer Dielectric : 4.1
* Layer Id             : 10 - M10
      Thickness        : 2
      Min Width        : 0.8
      Layer Dielectric : 4.1
extractDetailRC Option : -outfile ./CORTEXM0DS_5juMP8_21242.rcdb.d -maxResLength 200  -basic
RC Mode: Detail [Basic CapTable, LEF Resistances]
Capacitance Scaling Factor   : 1.00000
Resistance Scaling Factor    : 1.00000
Coupling Cap. Scaling Factor : 1.00000
Clock Cap. Scaling Factor    : 1.00000
Clock Res. Scaling Factor    : 1.00000
Shrink Factor                : 1.00000
Checking LVS Completed (CPU Time= 0:00:00.0  MEM= 301.4M)
Creating parasitic data file './CORTEXM0DS_5juMP8_21242.rcdb.d/header.seq' for storing RC.
Extracted 10.0017% (CPU Time= 0:00:00.1  MEM= 301.5M)
Extracted 20.0021% (CPU Time= 0:00:00.2  MEM= 301.5M)
Extracted 30.0025% (CPU Time= 0:00:00.2  MEM= 301.5M)
Extracted 40.0016% (CPU Time= 0:00:00.2  MEM= 301.5M)
Extracted 50.002% (CPU Time= 0:00:00.3  MEM= 301.5M)
Extracted 60.0023% (CPU Time= 0:00:00.3  MEM= 301.5M)
Extracted 70.0014% (CPU Time= 0:00:00.4  MEM= 301.5M)
Extracted 80.0018% (CPU Time= 0:00:00.4  MEM= 301.5M)
Extracted 90.0022% (CPU Time= 0:00:00.5  MEM= 301.5M)
Extracted 100% (CPU Time= 0:00:00.6  MEM= 301.5M)
Nr. Extracted Resistors     : 161761
Nr. Extracted Ground Cap.   : 170921
Nr. Extracted Coupling Cap. : 0
Opening parasitic data file './CORTEXM0DS_5juMP8_21242.rcdb.d/header.seq' for reading.
Detail RC Extraction DONE (CPU Time: 0:00:00.7  Real Time: 0:00:01.0  MEM: 301.445M)
Calculate delays in BcWc mode...
Topological Sorting (CPU = 0:00:00.0, MEM = 300.2M)
Number of Loop : 0
Start delay calculation (mem=300.191M)...
delayCal using detail RC...
Opening parasitic data file './CORTEXM0DS_5juMP8_21242.rcdb.d/header.seq' for reading.

RC Database In Completed (CPU Time= 0:00:00.1  MEM= 300.2M)
Closing parasitic data file './CORTEXM0DS_5juMP8_21242.rcdb.d/header.seq'. 9201 times net's RC data read were performed.
Delay calculation completed. (cpu=0:00:00.6 real=0:00:00.0 mem=300.191M 0)
*** CDM Built up (cpu=0:00:00.8  real=0:00:01.0  mem= 300.2M) ***
Reported timing to dir ./timingReports
**optDesign ... cpu = 0:00:05, real = 0:00:08, mem = 300.2M **

------------------------------------------------------------
     optDesign Final Summary                             
------------------------------------------------------------

+--------------------+---------+---------+---------+---------+---------+---------+
|     Setup mode     |   all   | reg2reg | in2reg  | reg2out | in2out  | clkgate |
+--------------------+---------+---------+---------+---------+---------+---------+
|           WNS (ns):| 13.489  | 13.489  | 32.763  |   N/A   |   N/A   |   N/A   |
|           TNS (ns):|  0.000  |  0.000  |  0.000  |   N/A   |   N/A   |   N/A   |
|    Violating Paths:|    0    |    0    |    0    |   N/A   |   N/A   |   N/A   |
|          All Paths:|  1682   |   841   |  1569   |   N/A   |   N/A   |   N/A   |
+--------------------+---------+---------+---------+---------+---------+---------+

+----------------+-------------------------------+------------------+
|                |              Real             |       Total      |
|    DRVs        +------------------+------------+------------------|
|                |  Nr nets(terms)  | Worst Vio  |  Nr nets(terms)  |
+----------------+------------------+------------+------------------+
|   max_cap      |      0 (0)       |   0.000    |      0 (0)       |
|   max_tran     |     64 (366)     |   -0.242   |     64 (366)     |
|   max_fanout   |      0 (0)       |     0      |      0 (0)       |
+----------------+------------------+------------+------------------+

Density: 100.000%
------------------------------------------------------------
**optDesign ... cpu = 0:00:06, real = 0:00:09, mem = 301.2M **
*** Finished optDesign ***
**optDesign ... cpu = 0:00:00, real = 0:00:00, mem = 301.2M **
#Created 135 library cell signatures
#Created 9242 NETS and 0 SPECIALNETS signatures
#Created 21599 instance signatures
Begin checking placement ...
*info: Placed = 20733
*info: Unplaced = 0
Placement Density:100.00%(36610/36610)
setExtractRCMode -coupled false
**WARN: (ENCEXT-3493):	Extraction mode changed by calling extraction setup command 'setExtractRCMode'. Therefore, parasitic data in the tool generated as per previous mode is deleted. Call of extractRC/spefIn will generate/bring parasitic data in the tool as per current mode.
*** optDesign -postRoute ***
DRC Margin: user margin 0.0; extra margin 0
Setup Target Slack: user slack 0.0
Hold Target Slack: user slack 0.1499
*info: Setting setup target slack to 0.000
*info: Hold target slack is 0.150
*** CTE mode ***
Extraction called for design 'CORTEXM0DS' of instances=21598 and nets=9242 using extraction engine 'postRoute' at effort level 'low' .
**WARN: (ENCEXT-3530):	Use of command 'setDesignMode -process <process_node>' prior to extraction is recommended for maximum accuracy and optimal automatic threshold setting.
Detail RC Extraction called for design CORTEXM0DS.
**WARN: (ENCEXT-6166):	Using capacitance table file without EXTENDED section is not recommended and will result in lower accuracy for clock nets in preRoute extraction and for all nets when using postRoute extraction -effortLevel low. Regeneration of full capacitance table is recommended.
**WARN: (ENCEXT-3032):	Since cap. table file was not provided, it will be created internally with the following process info:
* Layer Id             : 1 - M1
      Thickness        : 0.13
      Min Width        : 0.07
      Layer Dielectric : 4.1
* Layer Id             : 2 - M2
      Thickness        : 0.14
      Min Width        : 0.07
      Layer Dielectric : 4.1
* Layer Id             : 3 - M3
      Thickness        : 0.14
      Min Width        : 0.07
      Layer Dielectric : 4.1
* Layer Id             : 4 - M4
      Thickness        : 0.28
      Min Width        : 0.14
      Layer Dielectric : 4.1
* Layer Id             : 5 - M5
      Thickness        : 0.28
      Min Width        : 0.14
      Layer Dielectric : 4.1
* Layer Id             : 6 - M6
      Thickness        : 0.28
      Min Width        : 0.14
      Layer Dielectric : 4.1
* Layer Id             : 7 - M7
      Thickness        : 0.8
      Min Width        : 0.4
      Layer Dielectric : 4.1
* Layer Id             : 8 - M8
      Thickness        : 0.8
      Min Width        : 0.4
      Layer Dielectric : 4.1
* Layer Id             : 9 - M9
      Thickness        : 2
      Min Width        : 0.8
      Layer Dielectric : 4.1
* Layer Id             : 10 - M10
      Thickness        : 2
      Min Width        : 0.8
      Layer Dielectric : 4.1
extractDetailRC Option : -outfile ./CORTEXM0DS_5juMP8_21242.rcdb.d -maxResLength 200  -basic
RC Mode: Detail [Basic CapTable, LEF Resistances]
Capacitance Scaling Factor   : 1.00000
Resistance Scaling Factor    : 1.00000
Coupling Cap. Scaling Factor : 1.00000
Clock Cap. Scaling Factor    : 1.00000
Clock Res. Scaling Factor    : 1.00000
Shrink Factor                : 1.00000
Checking LVS Completed (CPU Time= 0:00:00.0  MEM= 304.1M)
Creating parasitic data file './CORTEXM0DS_5juMP8_21242.rcdb.d/header.seq' for storing RC.
Extracted 10.0017% (CPU Time= 0:00:00.1  MEM= 306.1M)
Extracted 20.0021% (CPU Time= 0:00:00.2  MEM= 306.1M)
Extracted 30.0025% (CPU Time= 0:00:00.2  MEM= 306.1M)
Extracted 40.0016% (CPU Time= 0:00:00.2  MEM= 306.1M)
Extracted 50.002% (CPU Time= 0:00:00.3  MEM= 306.1M)
Extracted 60.0023% (CPU Time= 0:00:00.3  MEM= 306.1M)
Extracted 70.0014% (CPU Time= 0:00:00.4  MEM= 306.1M)
Extracted 80.0018% (CPU Time= 0:00:00.4  MEM= 306.1M)
Extracted 90.0022% (CPU Time= 0:00:00.5  MEM= 306.1M)
Extracted 100% (CPU Time= 0:00:00.6  MEM= 306.1M)
Nr. Extracted Resistors     : 161761
Nr. Extracted Ground Cap.   : 170921
Nr. Extracted Coupling Cap. : 0
Opening parasitic data file './CORTEXM0DS_5juMP8_21242.rcdb.d/header.seq' for reading.
Detail RC Extraction DONE (CPU Time: 0:00:00.7  Real Time: 0:00:01.0  MEM: 304.078M)
*info: All cells identified as Buffer and Delay cells:
*info: --------------------------------------------------
*info:           BUF_X16         -   NangateOpenCellLibrary
*info:           BUF_X32         -   NangateOpenCellLibrary
*info:         CLKBUF_X1         -   NangateOpenCellLibrary
*info:            BUF_X1         -   NangateOpenCellLibrary
*info:         CLKBUF_X2         -   NangateOpenCellLibrary
*info:            BUF_X2         -   NangateOpenCellLibrary
*info:         CLKBUF_X3         -   NangateOpenCellLibrary
*info:            BUF_X4         -   NangateOpenCellLibrary
*info:            BUF_X8         -   NangateOpenCellLibrary
-holdSdfFile {}                            # string, default=""
-holdSdfScript {}                          # string, default="", private
Opening parasitic data file './CORTEXM0DS_5juMP8_21242.rcdb.d/header.seq' for reading.

RC Database In Completed (CPU Time= 0:00:00.1  MEM= 298.3M)
Closing parasitic data file './CORTEXM0DS_5juMP8_21242.rcdb.d/header.seq'. 9201 times net's RC data read were performed.
**ERROR: (ENCOPT-310):	Design density (100.00%) exceeds/equals limit (95.00%).
*** Started fixing hold violations - preprocessing (CPU=0:00:00.0, REAL=0:00:00.0, totSessionCpu=0:00:56.0, mem=298.3M)
Setting analysis mode to hold ...
Calculate delays in BcWc mode...
Topological Sorting (CPU = 0:00:00.0, MEM = 306.8M)
Number of Loop : 0
Start delay calculation (mem=306.836M)...
*** Calculating scaling factor for min libraries using the default operating condition of each library.
delayCal using detail RC...
Delay calculation completed. (cpu=0:00:00.5 real=0:00:00.0 mem=306.836M 0)
*** CDM Built up (cpu=0:00:00.7  real=0:00:00.0  mem= 306.8M) ***
--------------------------------------------------- 
   Hold Violation Summary with Target Slack 
--------------------------------------------------- 
 Target slack: 0.150 ns
 Worst Slack : -0.000 ns 
 TNS         : -0.000 ns 
 Viol paths  : 1 
 Max Local density  : 0.980 

 TNS and Viol paths do not include clock gating violations.
--------------------------------------------------- 
*** Started fixing hold violations, collecting hold timing for buffering (CPU=0:00:01.3, REAL=0:00:01.0, totSessionCpu=0:00:57.3, mem=307.2M)
Setting analysis mode to setup ...
Info: 25 clock nets excluded from IPO operation.
setClockDomains -fromType register -toType register 
**WARN: (ENCCTE-318):	Paths not in the reg2reg domain will be added 1000ns slack adjustment
--------------------------------------------------- 
   Setup Violation Summary with Target Slack (0.000 ns)
--------------------------------------------------- 
    WNS         reg2regWns    view
   13.489 ns     13.489 ns  default_view_setup
--------------------------------------------------- 
 reg2reg Best WS  : 13.489 ns 
 reg2reg WS  : 13.489 ns 
 reg2reg Viol paths  : 0 
 Worst Slack : 13.489 ns 
 Viol paths  : 0 
--------------------------------------------------- 
*** Started fixing hold violations, collecting setup timing (CPU=0:00:03.1, REAL=0:00:03.0, totSessionCpu=0:00:59.1, mem=307.3M)

------------------------------------------------------------
             Initial Summary                             
------------------------------------------------------------

+--------------------+---------+
|     Setup mode     |   all   |
+--------------------+---------+
|           WNS (ns):| 13.489  |
|           TNS (ns):|  0.000  |
|    Violating Paths:|    0    |
|          All Paths:|  1682   |
+--------------------+---------+

+--------------------+---------+
|     Hold mode      |   all   |
+--------------------+---------+
|           WNS (ns):|  0.149  |
|           TNS (ns):|  0.000  |
|    Violating Paths:|    0    |
|          All Paths:|  1682   |
+--------------------+---------+

+----------------+-------------------------------+------------------+
|                |              Real             |       Total      |
|    DRVs        +------------------+------------+------------------|
|                |  Nr nets(terms)  | Worst Vio  |  Nr nets(terms)  |
+----------------+------------------+------------+------------------+
|   max_cap      |      0 (0)       |   0.000    |      0 (0)       |
|   max_tran     |     64 (366)     |   -0.242   |     64 (366)     |
|   max_fanout   |      0 (0)       |     0      |      0 (0)       |
+----------------+------------------+------------+------------------+

Density: 100.000%
------------------------------------------------------------
Info: 25 clock nets excluded from IPO operation.
*** Started fixing hold violations (CPU=0:00:03.2, REAL=0:00:03.0, totSessionCpu=0:00:59.3, mem=307.3M)
Density before buffering = 1.000 (fixHold)
*info:
*info: abort hold fixing due to density exceeding 0.950
Starting refinePlace ...
**ERROR: (ENCSP-2002):	Density too high (100.0%). Stopping detail placement.
Total net length = 1.534e+05 (7.631e+04 7.712e+04) (ext = 9.585e+03)
**ERROR: (ENCSP-9022):	Command 'refinePlace' completed with some error(s).
**optDesign ... cpu = 0:00:05, real = 0:00:05, mem = 307.3M **
Reported timing to dir ./timingReports
**optDesign ... cpu = 0:00:05, real = 0:00:05, mem = 307.3M **

------------------------------------------------------------
     optDesign Final Summary                             
------------------------------------------------------------

+--------------------+---------+---------+---------+---------+---------+---------+
|     Setup mode     |   all   | reg2reg | in2reg  | reg2out | in2out  | clkgate |
+--------------------+---------+---------+---------+---------+---------+---------+
|           WNS (ns):| 13.489  | 13.489  | 32.763  |   N/A   |   N/A   |   N/A   |
|           TNS (ns):|  0.000  |  0.000  |  0.000  |   N/A   |   N/A   |   N/A   |
|    Violating Paths:|    0    |    0    |    0    |   N/A   |   N/A   |   N/A   |
|          All Paths:|  1682   |   841   |  1569   |   N/A   |   N/A   |   N/A   |
+--------------------+---------+---------+---------+---------+---------+---------+

+--------------------+---------+---------+---------+---------+---------+---------+
|     Hold mode      |   all   | reg2reg | in2reg  | reg2out | in2out  | clkgate |
+--------------------+---------+---------+---------+---------+---------+---------+
|           WNS (ns):|  0.149  |  0.149  |  0.155  |   N/A   |   N/A   |   N/A   |
|           TNS (ns):|  0.000  |  0.000  |  0.000  |   N/A   |   N/A   |   N/A   |
|    Violating Paths:|    0    |    0    |    0    |   N/A   |   N/A   |   N/A   |
|          All Paths:|  1682   |   841   |  1569   |   N/A   |   N/A   |   N/A   |
+--------------------+---------+---------+---------+---------+---------+---------+

+----------------+-------------------------------+------------------+
|                |              Real             |       Total      |
|    DRVs        +------------------+------------+------------------|
|                |  Nr nets(terms)  | Worst Vio  |  Nr nets(terms)  |
+----------------+------------------+------------+------------------+
|   max_cap      |      0 (0)       |   0.000    |      0 (0)       |
|   max_tran     |     64 (366)     |   -0.242   |     64 (366)     |
|   max_fanout   |      0 (0)       |     0      |      0 (0)       |
+----------------+------------------+------------+------------------+

Density: 100.000%
------------------------------------------------------------
**optDesign ... cpu = 0:00:07, real = 0:00:07, mem = 298.7M **
*** Finished optDesign ***
Begin checking placement ...
*info: Placed = 21598
*info: Unplaced = 0
Placement Density:100.00%(36610/36610)
All 9226 nets 31014 terms of cell CORTEXM0DS are properly connected
Applying the recommended capacitance filtering threshold values for 45nm process node: total_c_th=0, relative_c_th=1 and coupling_c_th=0.1.
	These values will be used by all post-route extraction engines, including TQRC, IQRC and QRC extraction.
	Capacitance filtering mode(-capFilterMode option of the setExtractRCMode) is 'relAndCoup' for all engines.
	The accuracy mode for detail extraction will be set to 'high'.
	Default value for EffortLevel(-effortLevel option of the setExtractRCMode) in postRoute extraction mode will be 'medium' if QRC technology file is specified else 'low'.
#techfile    '/afs/eos.ncsu.edu/lockers/research/ece/wdavis/tech/FreePDK45/ncsu_basekit/techfile/qrc/qrc.tch' (string, user setting)
Lower process node design mode set and technology file for TQRC extraction specified. Therefore default value for PostRoute extraction mode's effortLevel(-effortLevel option of the setExtractRCMode) changed from 'low' to 'medium'.
**WARN: (ENCTCM-70):	Option "-coupled" for command setExtractRCMode is obsolete and has been replaced by "-coupled true". The obsolete option still works in this release, but to avoid this warning and to ensure compatibility with future releases, update your script to use "-coupled true".
**WARN: (ENCEXT-3410):	Option -assumeMetalFill is recommended only in default extraction mode. It will use the basic cap table instead of extnded cap table in detail or TQRC/IQRC mode.
Extraction called for design 'CORTEXM0DS' of instances=21598 and nets=9242 using extraction engine 'postRoute' at effort level 'low' .
Detail RC Extraction called for design CORTEXM0DS.
**WARN: (ENCEXT-6166):	Using capacitance table file without EXTENDED section is not recommended and will result in lower accuracy for clock nets in preRoute extraction and for all nets when using postRoute extraction -effortLevel low. Regeneration of full capacitance table is recommended.
**WARN: (ENCEXT-3442):	An old version capacitance table file is being used with new extraction engine. To get accuracy improvement with new extraction engine, regenerate the new capacitance table file. Extraction will be done with 'standard' accuracy mode.
**WARN: (ENCEXT-3032):	Since cap. table file was not provided, it will be created internally with the following process info:
* Layer Id             : 1 - M1
      Thickness        : 0.13
      Min Width        : 0.07
      Layer Dielectric : 4.1
* Layer Id             : 2 - M2
      Thickness        : 0.14
      Min Width        : 0.07
      Layer Dielectric : 4.1
* Layer Id             : 3 - M3
      Thickness        : 0.14
      Min Width        : 0.07
      Layer Dielectric : 4.1
* Layer Id             : 4 - M4
      Thickness        : 0.28
      Min Width        : 0.14
      Layer Dielectric : 4.1
* Layer Id             : 5 - M5
      Thickness        : 0.28
      Min Width        : 0.14
      Layer Dielectric : 4.1
* Layer Id             : 6 - M6
      Thickness        : 0.28
      Min Width        : 0.14
      Layer Dielectric : 4.1
* Layer Id             : 7 - M7
      Thickness        : 0.8
      Min Width        : 0.4
      Layer Dielectric : 4.1
* Layer Id             : 8 - M8
      Thickness        : 0.8
      Min Width        : 0.4
      Layer Dielectric : 4.1
* Layer Id             : 9 - M9
      Thickness        : 2
      Min Width        : 0.8
      Layer Dielectric : 4.1
* Layer Id             : 10 - M10
      Thickness        : 2
      Min Width        : 0.8
      Layer Dielectric : 4.1
extractDetailRC Option : -outfile ./CORTEXM0DS_5juMP8_21242.rcdb.d -maxResLength 200  -basic -newAssumeMetFill
Assumed metal fill uses the following parameters:
              Active Spacing      Min. Width
                [microns]         [microns]
**WARN: (ENCEXT-3087):	Fill active spacing for layer M1 is not specified, it will use  0.600 microns.
  Layer M1        0.600             0.400 
**WARN: (ENCEXT-3087):	Fill active spacing for layer M2 is not specified, it will use  0.600 microns.
  Layer M2        0.600             0.400 
**WARN: (ENCEXT-3087):	Fill active spacing for layer M3 is not specified, it will use  0.600 microns.
  Layer M3        0.600             0.400 
**WARN: (ENCEXT-3087):	Fill active spacing for layer M4 is not specified, it will use  0.600 microns.
  Layer M4        0.600             0.400 
**WARN: (ENCEXT-3087):	Fill active spacing for layer M5 is not specified, it will use  0.600 microns.
  Layer M5        0.600             0.400 
**WARN: (ENCEXT-3087):	Fill active spacing for layer M6 is not specified, it will use  0.600 microns.
  Layer M6        0.600             0.400 
**WARN: (ENCEXT-3087):	Fill active spacing for layer M7 is not specified, it will use  0.600 microns.
  Layer M7        0.600             0.400 
**WARN: (ENCEXT-3087):	Fill active spacing for layer M8 is not specified, it will use  0.600 microns.
  Layer M8        0.600             0.400 
**WARN: (ENCEXT-3087):	Fill active spacing for layer M9 is not specified, it will use  0.600 microns.
  Layer M9        0.600             0.400 
**WARN: (ENCEXT-3087):	Fill active spacing for layer M10 is not specified, it will use  0.600 microns.
  Layer M10        0.600             0.400 
RC Mode: Detail [Assume Metal Fill, LEF Resistances]
Capacitance Scaling Factor   : 1.00000
Resistance Scaling Factor    : 1.00000
Coupling Cap. Scaling Factor : 1.00000
Clock Cap. Scaling Factor    : 1.00000
Clock Res. Scaling Factor    : 1.00000
Shrink Factor                : 1.00000
Checking LVS Completed (CPU Time= 0:00:00.0  MEM= 298.7M)
Creating parasitic data file './CORTEXM0DS_5juMP8_21242.rcdb.d/header.seq' for storing RC.
Extracted 10.0017% (CPU Time= 0:00:00.1  MEM= 298.8M)
Extracted 20.0021% (CPU Time= 0:00:00.2  MEM= 298.8M)
Extracted 30.0025% (CPU Time= 0:00:00.2  MEM= 298.8M)
Extracted 40.0016% (CPU Time= 0:00:00.2  MEM= 298.8M)
Extracted 50.002% (CPU Time= 0:00:00.3  MEM= 298.8M)
Extracted 60.0023% (CPU Time= 0:00:00.3  MEM= 298.9M)
Extracted 70.0014% (CPU Time= 0:00:00.4  MEM= 299.3M)
Extracted 80.0018% (CPU Time= 0:00:00.4  MEM= 299.8M)
Extracted 90.0022% (CPU Time= 0:00:00.5  MEM= 300.0M)
Extracted 100% (CPU Time= 0:00:00.6  MEM= 300.0M)
Nr. Extracted Resistors     : 161761
Nr. Extracted Ground Cap.   : 170921
Nr. Extracted Coupling Cap. : 365396
Opening parasitic data file './CORTEXM0DS_5juMP8_21242.rcdb.d/header.seq' for reading.
Filtering XCap in 'relativeAndCoupling' mode using values coupling_c_threshold=0.1fF, relative_c_threshold=1 and total_c_threshold=0fF.
Checking LVS Completed (CPU Time= 0:00:00.0  MEM= 298.8M)
Creating parasitic data file './CORTEXM0DS_5juMP8_21242.rcdb_Filter.rcdb.d/header.seq' for storing RC.
Closing parasitic data file './CORTEXM0DS_5juMP8_21242.rcdb.d/header.seq'. 9201 times net's RC data read were performed.
Opening parasitic data file './CORTEXM0DS_5juMP8_21242.rcdb.d/header.seq' for reading.
Detail RC Extraction DONE (CPU Time: 0:00:01.0  Real Time: 0:00:04.0  MEM: 298.738M)
Writing Netlist "CORTEXM0DS_routed.v" ...
Opening parasitic data file './CORTEXM0DS_5juMP8_21242.rcdb.d/header.seq' for reading.
Dumping Spef file.....
RC Out has the following PVT Info:
   RC-typical 
Printing D_NET...
.................................................. [5000 nets cpu=0:00:00.2]
..........................................Done!
Detail RC Out Completed (CPU Time= 0:00:01.2  MEM= 298.8M)
Closing parasitic data file './CORTEXM0DS_5juMP8_21242.rcdb.d/header.seq'. 9201 times net's RC data read were performed.
**WARN: (ENCSYC-1870):	setAnalysisMode -clockPropagation autoDetectClockTree not supported in CTE timing mode, mapping it to setAnalysisMode -clockPropagation sdcControl
{DETAILMESSAGE}

------------------------------------------------------------
          timeDesign Summary                             
------------------------------------------------------------

+--------------------+---------+---------+---------+---------+---------+---------+
|     Setup mode     |   all   | reg2reg | in2reg  | reg2out | in2out  | clkgate |
+--------------------+---------+---------+---------+---------+---------+---------+
|           WNS (ns):| 13.472  | 13.472  | 32.723  |   N/A   |   N/A   |   N/A   |
|           TNS (ns):|  0.000  |  0.000  |  0.000  |   N/A   |   N/A   |   N/A   |
|    Violating Paths:|    0    |    0    |    0    |   N/A   |   N/A   |   N/A   |
|          All Paths:|  1682   |   841   |  1569   |   N/A   |   N/A   |   N/A   |
+--------------------+---------+---------+---------+---------+---------+---------+

+----------------+-------------------------------+------------------+
|                |              Real             |       Total      |
|    DRVs        +------------------+------------+------------------|
|                |  Nr nets(terms)  | Worst Vio  |  Nr nets(terms)  |
+----------------+------------------+------------+------------------+
|   max_cap      |      0 (0)       |   0.000    |      0 (0)       |
|   max_tran     |     67 (408)     |   -0.242   |     67 (408)     |
|   max_fanout   |      0 (0)       |     0      |      0 (0)       |
+----------------+------------------+------------+------------------+

Density: 100.000%
------------------------------------------------------------
Reported timing to dir ./timingReports
Total CPU time: 1.52 sec
Total Real time: 2.0 sec
Total Memory Usage: 308.546875 Mbytes

------------------------------------------------------------
          timeDesign Summary                             
------------------------------------------------------------

+--------------------+---------+---------+---------+---------+---------+---------+
|     Hold mode      |   all   | reg2reg | in2reg  | reg2out | in2out  | clkgate |
+--------------------+---------+---------+---------+---------+---------+---------+
|           WNS (ns):|  0.150  |  0.150  |  0.155  |   N/A   |   N/A   |   N/A   |
|           TNS (ns):|  0.000  |  0.000  |  0.000  |   N/A   |   N/A   |   N/A   |
|    Violating Paths:|    0    |    0    |    0    |   N/A   |   N/A   |   N/A   |
|          All Paths:|  1682   |   841   |  1569   |   N/A   |   N/A   |   N/A   |
+--------------------+---------+---------+---------+---------+---------+---------+

Density: 100.000%
------------------------------------------------------------
Reported timing to dir ./timingReports
Total CPU time: 1.29 sec
Total Real time: 1.0 sec
Total Memory Usage: 300.027344 Mbytes
Redoing specifyClockTree ...
Checking spec file integrity...
**WARN: (ENCSYT-3036):	Design directory ./CORTEXM0DS_routed.enc.dat exists, rename it to ./CORTEXM0DS_routed.enc.dat.tmp.
If saveDesign succeeds, it will be deleted.
Writing Netlist "./CORTEXM0DS_routed.enc.dat/CORTEXM0DS.v.gz" ...
Saving clock tree spec file './CORTEXM0DS_routed.enc.dat/CORTEXM0DS.ctstch' ...
Saving configuration ...
Saving preference file ./CORTEXM0DS_routed.enc.dat/enc.pref.tcl ...
Saving floorplan ...
Saving Drc markers ...
... No Drc file written since there is no markers found.
Saving placement ...
*** Completed savePlace (cpu=0:00:00.0 real=0:00:00.0 mem=300.0M) ***
Saving route ...
*** Completed saveRoute (cpu=0:00:00.1 real=0:00:01.0 mem=300.0M) ***
*** Completed saveYieldMap (cpu=: 0:00:00.0 real=0:00:00.0 mem=: 0.000M) ***
Creating constraint file...
Writing DEF file './CORTEXM0DS_routed.def', current time is Tue Apr 15 11:37:14 2014 ...
unitPerMicron=2000, dbgMicronPerDBU=0.000500, unitPerDBU=1.000000
DEF file './CORTEXM0DS_routed.def' is written, current time is Tue Apr 15 11:37:15 2014 ...
run_route.tcl completed successfully (elapsed time: 0h 1m 19s actual)

*** Memory Usage v0.159.2.6.2.1 (Current mem = 300.043M, initial mem = 46.484M) ***
--- Ending "Encounter" (totcpu=0:01:08, real=0:01:21, mem=300.0M) ---
