
Loading power-grid database: .//PDCore_25C_avg_2/VSS/VSS
PGDB has 0 partition(s)

partition[0] : nNodes(279715) nRes(382888) nPorts(0)
  added voltage source VSS at node 4490

Loading power-grid database: .//PDCore_25C_avg_2//VDD/VDD
PGDB has 0 partition(s)

partition[0] : nNodes(282427) nRes(386251) nPorts(0)
  added voltage source VDD at node 3214

Beginning a steady-state analysis of the circuit.

Create matrix ...
  Using 4 CPU(s) for matrix factorization


	Time required: 0.070989 user, 0.573913 system, and 1.11205 real seconds


Loading current source data file: .//PDCore_25C_avg_2/VSS/VSS.tap
Total current loaded = 0.0230986A


Loading current source data file: .//PDCore_25C_avg_2//VDD/VDD.tap
Total current loaded = -0.0230986A

  Starting parallel solve with 1 thread(s)

Compute macromodel ...

Computing macromodel for block 1 ...

Computing macromodel for block 2 ...

Time required:  0.195971 user, 1.05884 system, and 2.02694 real seconds

Build reduced system ...
*** Reduced system: 357968  (size), 564963 (number of elements)


	Time required:  0.057992 user, 0.068989 system, and 0.274034 real seconds

Compute reduced RHS ...

	Time required:  0.06099 user, 0.004999 system, and 0.065991 real seconds

Solve reduced system ...
Using 4 processors for parallel matrix solve


	Time required:  0.928859 user, 0.06799 system, and 0.522321 real seconds

Compute internal solutions ...

	Time required:  0.06999 user, 0.004 system, and 0.073027 real seconds

get flat result .

Total run time:  1.3458 user, 1.20882 system, and 2.99706 real seconds

Steady-state analysis was successful
The analysis required:
		 1.46078 user, 1.78773 system, and 4.16053 real seconds


#--------------------------------------------------
#Before deleting instance data for net VSS
#--------------------------------------------------
Process Info :
  User time          = 1 seconds
  System time        = 1 seconds
  Children user time = 12 seconds
  Children sys time  = 7 seconds
  Virtual mem. size  = 101,908,480 bytes
  Total alloc size   = 15,056,896 bytes
  In use alloc size  = 14,269,352 bytes
  Page fault w/o IO  = 52,264
  Page fault w/  IO  = 0
  No. of swaps       = 0
  Page size          = 4,096 bytes

#--------------------------------------------------
#After deleting instance data for net VSS
#--------------------------------------------------
Process Info :
  User time          = 1 seconds
  System time        = 1 seconds
  Children user time = 12 seconds
  Children sys time  = 7 seconds
  Virtual mem. size  = 101,908,480 bytes
  Total alloc size   = 15,056,896 bytes
  In use alloc size  = 14,269,704 bytes
  Page fault w/o IO  = 52,271
  Page fault w/  IO  = 0
  No. of swaps       = 0
  Page size          = 4,096 bytes

#--------------------------------------------------
#Before deleting instance data for net VDD
#--------------------------------------------------
Process Info :
  User time          = 1 seconds
  System time        = 1 seconds
  Children user time = 12 seconds
  Children sys time  = 7 seconds
  Virtual mem. size  = 101,908,480 bytes
  Total alloc size   = 15,056,896 bytes
  In use alloc size  = 14,269,352 bytes
  Page fault w/o IO  = 52,273
  Page fault w/  IO  = 0
  No. of swaps       = 0
  Page size          = 4,096 bytes

#--------------------------------------------------
#After deleting instance data for net VDD
#--------------------------------------------------
Process Info :
  User time          = 1 seconds
  System time        = 1 seconds
  Children user time = 12 seconds
  Children sys time  = 7 seconds
  Virtual mem. size  = 101,908,480 bytes
  Total alloc size   = 15,056,896 bytes
  In use alloc size  = 14,269,696 bytes
  Page fault w/o IO  = 52,275
  Page fault w/  IO  = 0
  No. of swaps       = 0
  Page size          = 4,096 bytes
