Information: Starting crosstalk aware static noise analysis. (NOISE-014)
Information: Activating steady state resistance estimation mode for library NangateOpenCellLibrary. (NOISE-001)
****************************************
Report : noise
Design : CORTEXM0DS
Version: H-2013.06-SP1
Date   : Wed Apr 16 16:31:48 2014
****************************************

 analysis mode: report_at_source
 slack type: height

 noise_region: above_low
 pin name (net name)       width    height     slack
 -----------------------------------------------------
 u_logic/FE_PHC719_n5042/A (u_logic/n5042)
                          0.1420    0.5257   -0.0257

 noise_region: below_high
 pin name (net name)       width    height     slack
 -----------------------------------------------------
 u_logic/FE_PHC716_n4980/A (u_logic/n4980)
                          0.2357    0.6126   -0.1126

1
