Checking out Encounter license ...
Encounter_Digital_Impl_Sys_XL 9.1 license checkout succeeded.
You can run 2 CPU jobs with the base license that is currently checked out.
If required, use the setMultiCpuUsage command to enable multi-CPU processing.
**ERROR: (ENCOAX-148):	Could not open shared library libfeoax22.so : /ncsu/cadence2012/edi/tools/lib/libstdc++.so.6: version `GLIBCXX_3.4.9' not found (required by /ncsu/cadence2012/oa/lib/linux_rhel40_gcc44x_32/opt/liboaPlugIn.so)

**ERROR: (ENCOAX-148):	OA features will be disabled in this session.

*******************************************************************
*   Copyright (c)  Cadence Design Systems, Inc.  1996 - 2009.     *
*                     All rights reserved.                        *
*                                                                 *
*                                                                 *
*                                                                 *
* This program contains confidential and trade secret information *
* of Cadence Design Systems, Inc. and is protected by copyright   *
* law and international treaties.  Any reproduction, use,         *
* distribution or disclosure of this program or any portion of it,*
* or any attempt to obtain a human-readable version of this       *
* program, without the express, prior written consent of          *
* Cadence Design Systems, Inc., is strictly prohibited.           *
*                                                                 *
*                 Cadence Design Systems, Inc.                    *
*                    2655 Seely Avenue                            *
*                   San Jose, CA 95134,  USA                      *
*                                                                 *
*                                                                 *
*******************************************************************

@(#)CDS: Encounter v09.11-s084_1 (32bit) 04/26/2010 12:41 (Linux 2.6)
@(#)CDS: NanoRoute v09.11-s008 NR100226-1806/USR63-UB (database version 2.30, 93.1.1) {superthreading v1.14}
@(#)CDS: CeltIC v09.11-s011_1 (32bit) 03/04/2010 09:23:40 (Linux 2.6.9-78.0.25.ELsmp)
@(#)CDS: CTE 09.11-s016_1 (32bit) Apr  8 2010 03:34:50 (Linux 2.6.9-78.0.25.ELsmp)
@(#)CDS: CPE v09.11-s023
--- Starting "Encounter v09.11-s084_1" on Wed Mar  5 00:04:05 2014 (mem=46.5M) ---
--- Running on soultrain.ece.ncsu.edu (x86_64 w/Linux 2.6.18-348.6.1.el5) ---
This version was compiled on Mon Apr 26 12:41:13 PDT 2010.
Set DBUPerIGU to 1000.
Set net toggle Scale Factor to 1.00
Set Shrink Factor to 1.00000
Sourcing tcl/tk file "run_route.tcl" ...
Restoring design ./counter_cts.enc
Reading config file - ./counter_cts.enc.dat/counter.conf

Loading Lef file /afs/eos.ncsu.edu/lockers/research/ece/wdavis/tech/nangate/NangateOpenCellLibrary_PDKv1_3_v2009_07/lef/NangateOpenCellLibrary.lef...
Set DBUPerIGU to M2 pitch 380.
Initializing default via types and wire widths ...

Power Planner/ViaGen version 8.1.46 promoted on 02/17/2009.
viaInitial starts at Wed Mar  5 00:04:06 2014
viaInitial ends at Wed Mar  5 00:04:06 2014
Reading netlist ...
Backslashed names will retain backslash and a trailing blank character.
Reading verilog netlist './counter_cts.enc.dat/counter.v.gz'

*** Memory Usage v0.159.2.6.2.1 (Current mem = 221.598M, initial mem = 46.473M) ***
*** End netlist parsing (cpu=0:00:00.0, real=0:00:00.0, mem=221.6M) ***
Set top cell to counter.
Reading max timing library '/afs/eos.ncsu.edu/lockers/research/ece/wdavis/tech/nangate/NangateOpenCellLibrary_PDKv1_3_v2009_07/liberty/NangateOpenCellLibrary_slow_conditional_ecsm.lib' ...
**WARN: (TECHLIB-436):	Attribute 'max_fanout' on 'output/inout' pin 'ZN' of cell 'AND2_X1' is not defined in the library. Either define this value in the library or use set_default_timing_library to pick these values from a default library.
**WARN: (TECHLIB-436):	Attribute 'max_fanout' on 'output/inout' pin 'ZN' of cell 'AND2_X2' is not defined in the library. Either define this value in the library or use set_default_timing_library to pick these values from a default library.
**WARN: (TECHLIB-436):	Attribute 'max_fanout' on 'output/inout' pin 'ZN' of cell 'AND2_X4' is not defined in the library. Either define this value in the library or use set_default_timing_library to pick these values from a default library.
**WARN: (TECHLIB-436):	Attribute 'max_fanout' on 'output/inout' pin 'ZN' of cell 'AND3_X1' is not defined in the library. Either define this value in the library or use set_default_timing_library to pick these values from a default library.
**WARN: (TECHLIB-436):	Attribute 'max_fanout' on 'output/inout' pin 'ZN' of cell 'AND3_X2' is not defined in the library. Either define this value in the library or use set_default_timing_library to pick these values from a default library.
**WARN: (TECHLIB-436):	Attribute 'max_fanout' on 'output/inout' pin 'ZN' of cell 'AND3_X4' is not defined in the library. Either define this value in the library or use set_default_timing_library to pick these values from a default library.
**WARN: (TECHLIB-436):	Attribute 'max_fanout' on 'output/inout' pin 'ZN' of cell 'AND4_X1' is not defined in the library. Either define this value in the library or use set_default_timing_library to pick these values from a default library.
**WARN: (TECHLIB-436):	Attribute 'max_fanout' on 'output/inout' pin 'ZN' of cell 'AND4_X2' is not defined in the library. Either define this value in the library or use set_default_timing_library to pick these values from a default library.
**WARN: (TECHLIB-436):	Attribute 'max_fanout' on 'output/inout' pin 'ZN' of cell 'AND4_X4' is not defined in the library. Either define this value in the library or use set_default_timing_library to pick these values from a default library.
**WARN: (TECHLIB-436):	Attribute 'max_fanout' on 'output/inout' pin 'ZN' of cell 'AOI211_X1' is not defined in the library. Either define this value in the library or use set_default_timing_library to pick these values from a default library.
**WARN: (TECHLIB-436):	Attribute 'max_fanout' on 'output/inout' pin 'ZN' of cell 'AOI211_X2' is not defined in the library. Either define this value in the library or use set_default_timing_library to pick these values from a default library.
**WARN: (TECHLIB-436):	Attribute 'max_fanout' on 'output/inout' pin 'ZN' of cell 'AOI211_X4' is not defined in the library. Either define this value in the library or use set_default_timing_library to pick these values from a default library.
**WARN: (TECHLIB-436):	Attribute 'max_fanout' on 'output/inout' pin 'ZN' of cell 'AOI21_X1' is not defined in the library. Either define this value in the library or use set_default_timing_library to pick these values from a default library.
**WARN: (TECHLIB-436):	Attribute 'max_fanout' on 'output/inout' pin 'ZN' of cell 'AOI21_X2' is not defined in the library. Either define this value in the library or use set_default_timing_library to pick these values from a default library.
**WARN: (TECHLIB-436):	Attribute 'max_fanout' on 'output/inout' pin 'ZN' of cell 'AOI21_X4' is not defined in the library. Either define this value in the library or use set_default_timing_library to pick these values from a default library.
**WARN: (TECHLIB-436):	Attribute 'max_fanout' on 'output/inout' pin 'ZN' of cell 'AOI221_X1' is not defined in the library. Either define this value in the library or use set_default_timing_library to pick these values from a default library.
**WARN: (TECHLIB-436):	Attribute 'max_fanout' on 'output/inout' pin 'ZN' of cell 'AOI221_X2' is not defined in the library. Either define this value in the library or use set_default_timing_library to pick these values from a default library.
**WARN: (TECHLIB-436):	Attribute 'max_fanout' on 'output/inout' pin 'ZN' of cell 'AOI221_X4' is not defined in the library. Either define this value in the library or use set_default_timing_library to pick these values from a default library.
**WARN: (TECHLIB-436):	Attribute 'max_fanout' on 'output/inout' pin 'ZN' of cell 'AOI222_X1' is not defined in the library. Either define this value in the library or use set_default_timing_library to pick these values from a default library.
**WARN: (TECHLIB-436):	Attribute 'max_fanout' on 'output/inout' pin 'ZN' of cell 'AOI222_X2' is not defined in the library. Either define this value in the library or use set_default_timing_library to pick these values from a default library.
**WARN: (TECHLIB-9116):	(NangateOpenCellLibrary_slow_conditional_ecsm.lib, block starting at: 128760) The sdf_cond statement(s) in the cell DFFRS_X1 does not comply with IEEE OVI SDF Standards 3.0 for hold_rising arcs.  
**WARN: (TECHLIB-9116):	(NangateOpenCellLibrary_slow_conditional_ecsm.lib, block starting at: 128786) The sdf_cond statement(s) in the cell DFFRS_X1 does not comply with IEEE OVI SDF Standards 3.0 for setup_rising arcs.  
**WARN: (TECHLIB-9116):	(NangateOpenCellLibrary_slow_conditional_ecsm.lib, block starting at: 128924) The sdf_cond statement(s) in the cell DFFRS_X1 does not comply with IEEE OVI SDF Standards 3.0 for recovery_rising arcs.  
**WARN: (TECHLIB-9116):	(NangateOpenCellLibrary_slow_conditional_ecsm.lib, block starting at: 128941) The sdf_cond statement(s) in the cell DFFRS_X1 does not comply with IEEE OVI SDF Standards 3.0 for removal_rising arcs.  
**WARN: (TECHLIB-9116):	(NangateOpenCellLibrary_slow_conditional_ecsm.lib, block starting at: 129010) The sdf_cond statement(s) in the cell DFFRS_X1 does not comply with IEEE OVI SDF Standards 3.0 for recovery_rising arcs.  
**WARN: (TECHLIB-9116):	(NangateOpenCellLibrary_slow_conditional_ecsm.lib, block starting at: 129027) The sdf_cond statement(s) in the cell DFFRS_X1 does not comply with IEEE OVI SDF Standards 3.0 for removal_rising arcs.  
**WARN: (TECHLIB-9116):	(NangateOpenCellLibrary_slow_conditional_ecsm.lib, block starting at: 134192) The sdf_cond statement(s) in the cell DFFRS_X2 does not comply with IEEE OVI SDF Standards 3.0 for hold_rising arcs.  
**WARN: (TECHLIB-9116):	(NangateOpenCellLibrary_slow_conditional_ecsm.lib, block starting at: 134218) The sdf_cond statement(s) in the cell DFFRS_X2 does not comply with IEEE OVI SDF Standards 3.0 for setup_rising arcs.  
**WARN: (TECHLIB-9116):	(NangateOpenCellLibrary_slow_conditional_ecsm.lib, block starting at: 134356) The sdf_cond statement(s) in the cell DFFRS_X2 does not comply with IEEE OVI SDF Standards 3.0 for recovery_rising arcs.  
**WARN: (TECHLIB-9116):	(NangateOpenCellLibrary_slow_conditional_ecsm.lib, block starting at: 134373) The sdf_cond statement(s) in the cell DFFRS_X2 does not comply with IEEE OVI SDF Standards 3.0 for removal_rising arcs.  
**WARN: (TECHLIB-9116):	(NangateOpenCellLibrary_slow_conditional_ecsm.lib, block starting at: 134442) The sdf_cond statement(s) in the cell DFFRS_X2 does not comply with IEEE OVI SDF Standards 3.0 for recovery_rising arcs.  
**WARN: (TECHLIB-9116):	(NangateOpenCellLibrary_slow_conditional_ecsm.lib, block starting at: 134459) The sdf_cond statement(s) in the cell DFFRS_X2 does not comply with IEEE OVI SDF Standards 3.0 for removal_rising arcs.  
**WARN: (TECHLIB-9116):	(NangateOpenCellLibrary_slow_conditional_ecsm.lib, block starting at: 330053) The sdf_cond statement(s) in the cell SDFFRS_X1 does not comply with IEEE OVI SDF Standards 3.0 for hold_rising arcs.  
**WARN: (TECHLIB-9116):	(NangateOpenCellLibrary_slow_conditional_ecsm.lib, block starting at: 330079) The sdf_cond statement(s) in the cell SDFFRS_X1 does not comply with IEEE OVI SDF Standards 3.0 for hold_rising arcs.  
**WARN: (TECHLIB-9116):	(NangateOpenCellLibrary_slow_conditional_ecsm.lib, block starting at: 330105) The sdf_cond statement(s) in the cell SDFFRS_X1 does not comply with IEEE OVI SDF Standards 3.0 for setup_rising arcs.  
**WARN: (TECHLIB-9116):	(NangateOpenCellLibrary_slow_conditional_ecsm.lib, block starting at: 330131) The sdf_cond statement(s) in the cell SDFFRS_X1 does not comply with IEEE OVI SDF Standards 3.0 for setup_rising arcs.  
**WARN: (TECHLIB-9116):	(NangateOpenCellLibrary_slow_conditional_ecsm.lib, block starting at: 330177) The sdf_cond statement(s) in the cell SDFFRS_X1 does not comply with IEEE OVI SDF Standards 3.0 for recovery_rising arcs.  
**WARN: (TECHLIB-9116):	(NangateOpenCellLibrary_slow_conditional_ecsm.lib, block starting at: 330194) The sdf_cond statement(s) in the cell SDFFRS_X1 does not comply with IEEE OVI SDF Standards 3.0 for recovery_rising arcs.  
**WARN: (TECHLIB-9116):	(NangateOpenCellLibrary_slow_conditional_ecsm.lib, block starting at: 330211) The sdf_cond statement(s) in the cell SDFFRS_X1 does not comply with IEEE OVI SDF Standards 3.0 for recovery_rising arcs.  
**WARN: (TECHLIB-9116):	(NangateOpenCellLibrary_slow_conditional_ecsm.lib, block starting at: 330228) The sdf_cond statement(s) in the cell SDFFRS_X1 does not comply with IEEE OVI SDF Standards 3.0 for recovery_rising arcs.  
 read 134 cells in library 'NangateOpenCellLibrary' 
Reading min timing library '/afs/eos.ncsu.edu/lockers/research/ece/wdavis/tech/nangate/NangateOpenCellLibrary_PDKv1_3_v2009_07/liberty/NangateOpenCellLibrary_fast_conditional_ecsm.lib' ...
 read 134 cells in library 'NangateOpenCellLibrary' 
*** End library_loading (cpu=0.07min, mem=22.4M, fe_cpu=0.21min, fe_mem=244.0M) ***
Starting recursive module instantiation check.
No recursion found.
Building hierarchical netlist for Cell counter ...
*** Netlist is unique.
** info: there are 269 modules.
** info: there are 41 stdCell insts.

*** Memory Usage v0.159.2.6.2.1 (Current mem = 244.273M, initial mem = 46.473M) ***
CTE reading timing constraint file '/local/home/wdavis/ece720/flow/run/pr_tut1/counter/pr/./counter_cts.enc.dat/counter.pt' ...
counter
INFO (CTE): constraints read successfully
*** Read timing constraints (cpu=0:00:00.0 mem=245.2M) ***
Total number of combinational cells: 99
Total number of sequential cells: 29
Total number of tristate cells: 6
Total number of level shifter cells: 0
Total number of power gating cells: 0
Total number of isolation cells: 0
Total number of power switch cells: 0
Total number of pulse generator cells: 0
Total number of always on buffers: 0
Total number of retention cells: 0
List of usable buffers: BUF_X2 BUF_X1 BUF_X4 BUF_X8 CLKBUF_X1 CLKBUF_X3 CLKBUF_X2
Total number of usable buffers: 7
List of unusable buffers:
Total number of unusable buffers: 0
List of usable inverters: INV_X2 INV_X1 INV_X16 INV_X32 INV_X4 INV_X8
Total number of usable inverters: 6
List of unusable inverters:
Total number of unusable inverters: 0
List of identified usable delay cells: BUF_X16 BUF_X32
Total number of identified usable delay cells: 2
List of identified unusable delay cells:
Total number of identified unusable delay cells: 0
*info: set bottom ioPad orient R0
Set Using Default Delay Limit as 1000.
Set Default Net Delay as 1000 ps.
Set Default Net Load as 0.5 pF.
Set Input Pin Transition Delay as 120 ps.
PreRoute Cap Scale Factor :        1.00
PreRoute Res Scale Factor :        1.00
PostRoute Cap Scale Factor :       1.00
PostRoute Res Scale Factor :       1.00
PostRoute XCap Scale Factor :      1.00

PreRoute Clock Cap Scale Factor :  1.00	[Derived from postRoute_cap (effortLevel low)]
PreRoute Clock Res Scale Factor :  1.00	[Derived from postRoute_res (effortLevel low)]
PostRoute Clock Cap Scale Factor : 1.00	[Derived from postRoute_cap (effortLevel low)]
PostRoute Clock Res Scale Factor : 1.00	[Derived from postRoute_res (effortLevel low)]
Loading preference file ./counter_cts.enc.dat/enc.pref.tcl ...
Loading mode file ./counter_cts.enc.dat/counter.mode ...
*info: Setting hold target slack to 0.150
*info: Setting setup target slack to 0.000
*info: Hold target slack is 0.150
Reading floorplan file - ./counter_cts.enc.dat/counter.fp.gz (mem = 246.7M).
Set FPlanBox to (0 0 180180 180080)
Extracting standard cell pins and blockage ...... 
Pin and blockage extraction finished
*** End loading floorplan (cpu = 0:00:00.0, mem = 246.7M) ***
loading place ...
*** Checked 2 GNC rules.
*** applyConnectGlobalNets disabled.
Reading placement file - ./counter_cts.enc.dat/counter.place.gz.
** Reading stdCellPlacement "./counter_cts.enc.dat/counter.place.gz" ...
*** Completed restorePlace (cpu=0:00:00.0 real=0:00:00.0 mem=246.7M) ***
Total net length = 4.966e+02 (1.542e+02 3.424e+02) (ext = 3.367e+02)
*** Checked 2 GNC rules.
*** Applying global-net connections...
*** Applied 2 GNC rules (cpu = 0:00:00.0, w/ 0:00:00.0 init)
loading route ...
Reading routing file - ./counter_cts.enc.dat/counter.route.gz.
Reading Cadence  routing data (Created by Encounter v09.11-s084_1 on Wed Mar  5 00:03:49 2014 Format: 9.3)...
Suppress "**WARN ..." messages.
routingBox: (0 0) (180180 180080)
coreBox:    (80180 80080) (100180 100080)
Un-suppress "**WARN ..." messages.
*** Total 53 nets are successfully restored.
*** Completed restoreRoute (cpu=0:00:00.0 real=0:00:00.0 mem=246.7M) ***
Checking spec file integrity...

Reading clock tree spec file './counter_cts.enc.dat/counter.ctstch' ...

RouteType               : FE_CTS_DEFAULT
PreferredExtraSpace     : 1
Shield                  : NONE
PreferLayer             : M3 M4 
Est. Cap                : 0.128449(V=0.142029 H=0.11487) (ff/um) [6.42246e-05]
Est. Res                : 2.53571(V=1.5 H=3.57143)(ohm/um) [0.00126786]
Est. Via Res            : 0(ohm) [0]
Est. Via Cap            : 0(ff)
M1(H) w=0.07(um) s=0.065(um) p=0.19(um) es=0.31(um) cap=0.112(ff/um) res=5.43(ohm/um) viaRes=0(ohm) viaCap=0(ff)
M2(V) w=0.07(um) s=0.07(um) p=0.19(um) es=0.31(um) cap=0.115(ff/um) res=3.57(ohm/um) viaRes=0(ohm) viaCap=0(ff)
M3(H) w=0.07(um) s=0.07(um) p=0.19(um) es=0.31(um) cap=0.115(ff/um) res=3.57(ohm/um) viaRes=0(ohm) viaCap=0(ff)
M4(V) w=0.14(um) s=0.14(um) p=0.28(um) es=0.42(um) cap=0.142(ff/um) res=1.5(ohm/um) viaRes=0(ohm) viaCap=0(ff)
M5(H) w=0.14(um) s=0.14(um) p=0.28(um) es=0.42(um) cap=0.142(ff/um) res=1.5(ohm/um) viaRes=0(ohm) viaCap=0(ff)
M6(V) w=0.14(um) s=0.14(um) p=0.28(um) es=0.42(um) cap=0.142(ff/um) res=1.5(ohm/um) viaRes=0(ohm) viaCap=0(ff)
M7(H) w=0.4(um) s=0.4(um) p=0.8(um) es=1.2(um) cap=0.176(ff/um) res=0.188(ohm/um) viaRes=0(ohm) viaCap=0(ff)
M8(V) w=0.4(um) s=0.4(um) p=0.8(um) es=1.2(um) cap=0.176(ff/um) res=0.188(ohm/um) viaRes=0(ohm) viaCap=0(ff)
M9(H) w=0.8(um) s=0.8(um) p=1.6(um) es=2.4(um) cap=0.247(ff/um) res=0.0375(ohm/um) viaRes=0(ohm) viaCap=0(ff)
M10(V) w=0.8(um) s=0.8(um) p=1.6(um) es=2.4(um) cap=0.187(ff/um) res=0.0375(ohm/um) viaRes=0(ohm) viaCap=0(ff)

RouteType               : FE_CTS_DEFAULT_LEAF
PreferredExtraSpace     : 1
Shield                  : NONE
PreferLayer             : M3 M4 
Est. Cap                : 0.128449(V=0.142029 H=0.11487) (ff/um) [6.42246e-05]
Est. Res                : 2.53571(V=1.5 H=3.57143)(ohm/um) [0.00126786]
Est. Via Res            : 0(ohm) [0]
Est. Via Cap            : 0(ff)
M1(H) w=0.07(um) s=0.065(um) p=0.19(um) es=0.31(um) cap=0.112(ff/um) res=5.43(ohm/um) viaRes=0(ohm) viaCap=0(ff)
M2(V) w=0.07(um) s=0.07(um) p=0.19(um) es=0.31(um) cap=0.115(ff/um) res=3.57(ohm/um) viaRes=0(ohm) viaCap=0(ff)
M3(H) w=0.07(um) s=0.07(um) p=0.19(um) es=0.31(um) cap=0.115(ff/um) res=3.57(ohm/um) viaRes=0(ohm) viaCap=0(ff)
M4(V) w=0.14(um) s=0.14(um) p=0.28(um) es=0.42(um) cap=0.142(ff/um) res=1.5(ohm/um) viaRes=0(ohm) viaCap=0(ff)
M5(H) w=0.14(um) s=0.14(um) p=0.28(um) es=0.42(um) cap=0.142(ff/um) res=1.5(ohm/um) viaRes=0(ohm) viaCap=0(ff)
M6(V) w=0.14(um) s=0.14(um) p=0.28(um) es=0.42(um) cap=0.142(ff/um) res=1.5(ohm/um) viaRes=0(ohm) viaCap=0(ff)
M7(H) w=0.4(um) s=0.4(um) p=0.8(um) es=1.2(um) cap=0.176(ff/um) res=0.188(ohm/um) viaRes=0(ohm) viaCap=0(ff)
M8(V) w=0.4(um) s=0.4(um) p=0.8(um) es=1.2(um) cap=0.176(ff/um) res=0.188(ohm/um) viaRes=0(ohm) viaCap=0(ff)
M9(H) w=0.8(um) s=0.8(um) p=1.6(um) es=2.4(um) cap=0.247(ff/um) res=0.0375(ohm/um) viaRes=0(ohm) viaCap=0(ff)
M10(V) w=0.8(um) s=0.8(um) p=1.6(um) es=2.4(um) cap=0.187(ff/um) res=0.0375(ohm/um) viaRes=0(ohm) viaCap=0(ff)


****** AutoClockRootPin ******
AutoClockRootPin 1: clock
# NoGating         NO
# SetDPinAsSync    NO
# SetIoPinAsSync   NO
# SetAsyncSRPinAsSync   NO
# SetTriStEnPinAsSync   NO
# SetBBoxPinAsSync   NO
# RouteClkNet      NO
# PostOpt          YES
# RouteType        FE_CTS_DEFAULT
# LeafRouteType    FE_CTS_DEFAULT_LEAF

***** !! NOTE !! *****

CTS treats D-pins and I/O pins as non-synchronous pins by default.
If you want to change the behavior, you need to use the SetDPinAsSync
or SetIoPinAsSync statement in the clock tree specification file,
or use the setCTSMode -traceDPinAsLeaf {true|false} command,
or use the setCTSMode -traceIoPinAsLeaf {true|false} command
before specifyClockTree command.

*** End specifyClockTree (cpu=0:00:00.0, real=0:00:00.0, mem=251.7M) ***
source ./counter_cts.enc.dat/counter_power_constraints.tcl
**WARN: (ENCSR-4053):	SRoute option "-noBlockPins" is obsolete and has been replaced by "-connect". The obsolete option still works in this release, but to avoid this warning and to ensure compatibility with future releases, update your script to use "-connect".
**WARN: (ENCSR-4053):	SRoute option "-noPadRings" is obsolete and has been replaced by "-connect". The obsolete option still works in this release, but to avoid this warning and to ensure compatibility with future releases, update your script to use "-connect".
No routing obstructions were found in the design.
*** Begin SPECIAL ROUTE on Wed Mar  5 00:04:11 2014 ***
Sroute/fcroute version 8.1.46 promoted on 02/17/2009.
SPECIAL ROUTE ran on directory: /local/home/wdavis/ece720/flow/run/pr_tut1/counter/pr
SPECIAL ROUTE ran on machine: soultrain.ece.ncsu.edu (Linux 2.6.18-348.6.1.el5 x86_64 3.17Ghz)

Begin option processing ...
(from .sroute_24226.conf) srouteConnectPowerBump set to false
(from .sroute_24226.conf) routeSpecial set to true
(from .sroute_24226.conf) srouteConnectBlockPin set to false
(from .sroute_24226.conf) srouteFollowCorePinEnd set to 3
(from .sroute_24226.conf) srouteJogControl set to "preferWithChanges differentLayer"
(from .sroute_24226.conf) sroutePadPinAllPorts set to true
(from .sroute_24226.conf) sroutePreserveExistingRoutes set to true
End option processing: cpu: 0:00:00, real: 0:00:00, peak: 445.00 megs.

Reading DB technology information...
Finished reading DB technology information.
Reading floorplan and netlist information...
Finished reading floorplan and netlist information.
Read in 20 layers, 10 routing layers, 1 overlap layer
Read in 134 macros, 15 used
Read in 41 components
  41 core components: 0 unplaced, 35 placed, 6 fixed
Read in 8 physical pins
  8 physical pins: 0 unplaced, 8 placed, 0 fixed
Read in 8 nets
Read in 2 special nets, 2 routed
Read in 90 terminals
Begin power routing ...
**WARN: (ENCSR-1256):	Net VDD does not have CORE class pad pins to be routed.
	Please check net list or port class.
Net VDD does not have AREAIO class pad pins to be routed.
	Please check net list or port class.
**WARN: (ENCSR-1256):	Net VSS does not have CORE class pad pins to be routed.
	Please check net list or port class.
Net VSS does not have AREAIO class pad pins to be routed.
	Please check net list or port class.
CPU time for FollowPin 0 seconds
CPU time for FollowPin 0 seconds
  Number of IO ports routed: 0
  Number of Stripe ports routed: 0
  Number of Core ports routed: 16
  Number of Followpin connections: 8
End power routing: cpu: 0:00:00, real: 0:00:00, peak: 455.00 megs.



 Begin updating DB with routing results ...
 Updating DB with 8 io pins ...
 Updating DB with 33 via definition ...

sroute post-processing starts at Wed Mar  5 00:04:12 2014
The viaGen is rebuilding shadow vias for net VSS.
sroute post-processing ends at Wed Mar  5 00:04:12 2014

sroute post-processing starts at Wed Mar  5 00:04:12 2014
The viaGen is rebuilding shadow vias for net VDD.
sroute post-processing ends at Wed Mar  5 00:04:12 2014


sroute: Total CPU time used = 0:0:0
sroute: Total Real time used = 0:0:1
sroute: Total Memory used = 1.57 megs
sroute: Total Peak Memory used = 253.30 megs
encounter 1> *INFO: Adding fillers to top-module.
*INFO:   Added 0 filler inst  (cell FILLCELL_X32 / prefix FILL).
*INFO:   Added 1 filler inst  (cell FILLCELL_X16 / prefix FILL).
*INFO:   Added 1 filler inst  (cell FILLCELL_X8 / prefix FILL).
*INFO:   Added 12 filler insts (cell FILLCELL_X4 / prefix FILL).
*INFO:   Added 16 filler insts (cell FILLCELL_X2 / prefix FILL).
*INFO:   Added 8 filler insts (cell FILLCELL_X1 / prefix FILL).
*INFO: Total 38 filler insts added - prefix FILL (CPU: 0:00:00.0).
Begin checking placement ...
*info: Placed = 73
*info: Unplaced = 0
Placement Density:100.00%(97/97)

changeUseClockNetStatus Option :  -noFixedNetWires 
*** Changed status on (0) nets in Clock.
*** End changeUseClockNetStatus (cpu=0:00:00.0, real=0:00:00.0, mem=253.3M) ***
Start route 3 clock nets ...

changeUseClockNetStatus Option :  -noFixedNetWires 
*** Changed status on (0) nets in Clock.
*** End changeUseClockNetStatus (cpu=0:00:00.0, real=0:00:00.0, mem=253.3M) ***
setAttribute -net * -skip_routing true
setAttribute -net @CLOCK -skip_routing false

globalDetailRoute

#Start globalDetailRoute on Wed Mar  5 00:04:12 2014
#
#cpu time = 00:00:00, elapsed time = 00:00:00, memory = 253.00 (Mb)
#NanoRoute Version v09.11-s008 NR100226-1806/USR63-UB
#WARNING (NREX-37) No permittivity value was specified in the process LEF file. Default permittivity value 3.900000 will be used.
#WARNING (NREX-6) No Extended Cap Table was imported, an approximate Extended Cap Table database will be used.
#Merging special wires...
#Number of eco nets is 0
#
#Start data preparation...
#Auto generating G-grids with size=15 tracks, using layer metal2's pitch = 0.140.
#Using automatically generated G-grids.
#
#Data preparation is done on Wed Mar  5 00:04:12 2014
#
#Analyzing routing resource...
#Routing resource analysis is done on Wed Mar  5 00:04:12 2014
#
#  Resource Analysis:
#
#               Routing  #Total     %Gcell
#  Layer      Direction   Gcell     Blocked
#  ------------------------------------------
#  Metal 1        H        1849       1.03%
#  Metal 2        V        1849       3.46%
#  Metal 3        H        1849       0.00%
#  Metal 4        V        1849       3.46%
#  Metal 5        H        1849      34.02%
#  Metal 6        V        1849      34.02%
#  Metal 7        H        1849       0.00%
#  Metal 8        V        1849       0.00%
#  Metal 9        H        1849       0.00%
#  Metal 10       V        1849       0.00%
#  ------------------------------------------
#  Total                  18490       7.60%
#
#  3 nets (5.66%) with 1 preferred extra spacing.
#
#
#cpu time = 00:00:00, elapsed time = 00:00:00, memory = 272.00 (Mb)
#
#start global routing iteration 1...
#cpu time = 00:00:00, elapsed time = 00:00:00, memory = 272.00 (Mb)
#
#start global routing iteration 2...
#cpu time = 00:00:00, elapsed time = 00:00:00, memory = 272.00 (Mb)
#
#
#  Congestion Analysis: (blocked Gcells are excluded)
#
#                 OverCon          
#                  #Gcell    %Gcell
#     Layer           (1)   OverCon
#  --------------------------------
#   Metal 1      0(0.00%)   (0.00%)
#   Metal 2      0(0.00%)   (0.00%)
#   Metal 3      0(0.00%)   (0.00%)
#   Metal 4      0(0.00%)   (0.00%)
#   Metal 5      0(0.00%)   (0.00%)
#   Metal 6      0(0.00%)   (0.00%)
#   Metal 7      0(0.00%)   (0.00%)
#   Metal 8      0(0.00%)   (0.00%)
#   Metal 9      0(0.00%)   (0.00%)
#  Metal 10      0(0.00%)   (0.00%)
#  --------------------------------
#     Total      0(0.00%)   (0.00%)
#
#  The worst congested Gcell overcon (routing demand over resource in number of tracks) = 1
#
#Complete Global Routing.
#Total wire length = 65 um.
#Total half perimeter of net bounding box = 60 um.
#Total wire length on LAYER metal1 = 0 um.
#Total wire length on LAYER metal2 = 2 um.
#Total wire length on LAYER metal3 = 17 um.
#Total wire length on LAYER metal4 = 46 um.
#Total wire length on LAYER metal5 = 0 um.
#Total wire length on LAYER metal6 = 0 um.
#Total wire length on LAYER metal7 = 0 um.
#Total wire length on LAYER metal8 = 0 um.
#Total wire length on LAYER metal9 = 0 um.
#Total wire length on LAYER metal10 = 0 um.
#Total number of vias = 20
#Up-Via Summary (total 20):
#           
#-----------------------
#  Metal 1            8
#  Metal 2            7
#  Metal 3            5
#-----------------------
#                    20 
#
#Max overcon = 0 track.
#Total overcon = 0.00%.
#Worst layer Gcell overcon rate = 0.00%.
#Cpu time = 00:00:00
#Elapsed time = 00:00:00
#Increased memory = 2.00 (Mb)
#Total memory = 272.00 (Mb)
#Peak memory = 304.00 (Mb)
#
#Start Detail Routing.
#start initial detail routing ...
# ECO: 0.0% of the total area was rechecked for DRC, and 8.2% required routing.
#    number of violations = 0
#cpu time = 00:00:00, elapsed time = 00:00:00, memory = 277.00 (Mb)
#start 1st optimization iteration ...
#    number of violations = 0
#cpu time = 00:00:00, elapsed time = 00:00:00, memory = 277.00 (Mb)
#Complete Detail Routing.
#Total wire length = 63 um.
#Total half perimeter of net bounding box = 60 um.
#Total wire length on LAYER metal1 = 0 um.
#Total wire length on LAYER metal2 = 0 um.
#Total wire length on LAYER metal3 = 7 um.
#Total wire length on LAYER metal4 = 56 um.
#Total wire length on LAYER metal5 = 0 um.
#Total wire length on LAYER metal6 = 0 um.
#Total wire length on LAYER metal7 = 0 um.
#Total wire length on LAYER metal8 = 0 um.
#Total wire length on LAYER metal9 = 0 um.
#Total wire length on LAYER metal10 = 0 um.
#Total number of vias = 27
#Up-Via Summary (total 27):
#           
#-----------------------
#  Metal 1            8
#  Metal 2            9
#  Metal 3           10
#-----------------------
#                    27 
#
#Total number of DRC violations = 0
#Total number of violations on LAYER metal1 = 0
#Total number of violations on LAYER metal2 = 0
#Total number of violations on LAYER metal3 = 0
#Total number of violations on LAYER metal4 = 0
#Total number of violations on LAYER metal5 = 0
#Total number of violations on LAYER metal6 = 0
#Total number of violations on LAYER metal7 = 0
#Total number of violations on LAYER metal8 = 0
#Total number of violations on LAYER metal9 = 0
#Total number of violations on LAYER metal10 = 0
#detailRoute Statistics:
#Cpu time = 00:00:00
#Elapsed time = 00:00:00
#Increased memory = 0.00 (Mb)
#Total memory = 272.00 (Mb)
#Peak memory = 304.00 (Mb)
#
#globalDetailRoute statistics:
#Cpu time = 00:00:00
#Elapsed time = 00:00:00
#Increased memory = 18.00 (Mb)
#Total memory = 271.00 (Mb)
#Peak memory = 304.00 (Mb)
#Number of warnings = 2
#Total number of warnings = 2
#Number of fails = 0
#Total number of fails = 0
#Complete globalDetailRoute on Wed Mar  5 00:04:12 2014
#
setAttribute -net * -skip_routing false

globalDetailRoute

#Start globalDetailRoute on Wed Mar  5 00:04:12 2014
#
#NanoRoute Version v09.11-s008 NR100226-1806/USR63-UB
#WARNING (NREX-37) No permittivity value was specified in the process LEF file. Default permittivity value 3.900000 will be used.
#WARNING (NREX-6) No Extended Cap Table was imported, an approximate Extended Cap Table database will be used.
#Merging special wires...
#Number of eco nets is 0
#
#Start data preparation...
#
#Data preparation is done on Wed Mar  5 00:04:13 2014
#
#Analyzing routing resource...
#Routing resource analysis is done on Wed Mar  5 00:04:13 2014
#
#  Resource Analysis:
#
#               Routing  #Total     %Gcell
#  Layer      Direction   Gcell     Blocked
#  ------------------------------------------
#  Metal 1        H        1849       1.03%
#  Metal 2        V        1849       3.46%
#  Metal 3        H        1849       0.00%
#  Metal 4        V        1849       3.46%
#  Metal 5        H        1849      34.02%
#  Metal 6        V        1849      34.02%
#  Metal 7        H        1849       0.00%
#  Metal 8        V        1849       0.00%
#  Metal 9        H        1849       0.00%
#  Metal 10       V        1849       0.00%
#  ------------------------------------------
#  Total                  18490       7.60%
#
#  3 nets (5.66%) with 1 preferred extra spacing.
#
#
#cpu time = 00:00:00, elapsed time = 00:00:00, memory = 272.00 (Mb)
#
#start global routing iteration 1...
#cpu time = 00:00:00, elapsed time = 00:00:00, memory = 272.00 (Mb)
#
#start global routing iteration 2...
#cpu time = 00:00:00, elapsed time = 00:00:00, memory = 272.00 (Mb)
#
#start global routing iteration 3...
#cpu time = 00:00:00, elapsed time = 00:00:00, memory = 272.00 (Mb)
#
#
#  Congestion Analysis: (blocked Gcells are excluded)
#
#                 OverCon          
#                  #Gcell    %Gcell
#     Layer           (1)   OverCon
#  --------------------------------
#   Metal 1      0(0.00%)   (0.00%)
#   Metal 2      0(0.00%)   (0.00%)
#   Metal 3      0(0.00%)   (0.00%)
#   Metal 4      0(0.00%)   (0.00%)
#   Metal 5      0(0.00%)   (0.00%)
#   Metal 6      0(0.00%)   (0.00%)
#   Metal 7      0(0.00%)   (0.00%)
#   Metal 8      0(0.00%)   (0.00%)
#   Metal 9      0(0.00%)   (0.00%)
#  Metal 10      0(0.00%)   (0.00%)
#  --------------------------------
#     Total      0(0.00%)   (0.00%)
#
#  The worst congested Gcell overcon (routing demand over resource in number of tracks) = 1
#
#Complete Global Routing.
#Total wire length = 493 um.
#Total half perimeter of net bounding box = 539 um.
#Total wire length on LAYER metal1 = 0 um.
#Total wire length on LAYER metal2 = 242 um.
#Total wire length on LAYER metal3 = 154 um.
#Total wire length on LAYER metal4 = 98 um.
#Total wire length on LAYER metal5 = 0 um.
#Total wire length on LAYER metal6 = 0 um.
#Total wire length on LAYER metal7 = 0 um.
#Total wire length on LAYER metal8 = 0 um.
#Total wire length on LAYER metal9 = 0 um.
#Total wire length on LAYER metal10 = 0 um.
#Total number of vias = 154
#Up-Via Summary (total 154):
#           
#-----------------------
#  Metal 1           84
#  Metal 2           59
#  Metal 3           11
#-----------------------
#                   154 
#
#Max overcon = 0 track.
#Total overcon = 0.00%.
#Worst layer Gcell overcon rate = 0.00%.
#Cpu time = 00:00:00
#Elapsed time = 00:00:00
#Increased memory = 0.00 (Mb)
#Total memory = 272.00 (Mb)
#Peak memory = 304.00 (Mb)
#
#Start Detail Routing.
#start initial detail routing ...
#    number of violations = 0
#cpu time = 00:00:00, elapsed time = 00:00:00, memory = 278.00 (Mb)
#start 1st optimization iteration ...
#    number of violations = 0
#cpu time = 00:00:00, elapsed time = 00:00:00, memory = 278.00 (Mb)
#Complete Detail Routing.
#Total wire length = 498 um.
#Total half perimeter of net bounding box = 539 um.
#Total wire length on LAYER metal1 = 15 um.
#Total wire length on LAYER metal2 = 245 um.
#Total wire length on LAYER metal3 = 139 um.
#Total wire length on LAYER metal4 = 100 um.
#Total wire length on LAYER metal5 = 0 um.
#Total wire length on LAYER metal6 = 0 um.
#Total wire length on LAYER metal7 = 0 um.
#Total wire length on LAYER metal8 = 0 um.
#Total wire length on LAYER metal9 = 0 um.
#Total wire length on LAYER metal10 = 0 um.
#Total number of vias = 213
#Up-Via Summary (total 213):
#           
#-----------------------
#  Metal 1          114
#  Metal 2           84
#  Metal 3           15
#-----------------------
#                   213 
#
#Total number of DRC violations = 0
#Total number of violations on LAYER metal1 = 0
#Total number of violations on LAYER metal2 = 0
#Total number of violations on LAYER metal3 = 0
#Total number of violations on LAYER metal4 = 0
#Total number of violations on LAYER metal5 = 0
#Total number of violations on LAYER metal6 = 0
#Total number of violations on LAYER metal7 = 0
#Total number of violations on LAYER metal8 = 0
#Total number of violations on LAYER metal9 = 0
#Total number of violations on LAYER metal10 = 0
#detailRoute Statistics:
#Cpu time = 00:00:00
#Elapsed time = 00:00:00
#Increased memory = 0.00 (Mb)
#Total memory = 272.00 (Mb)
#Peak memory = 304.00 (Mb)
#
#globalDetailRoute statistics:
#Cpu time = 00:00:00
#Elapsed time = 00:00:00
#Increased memory = 0.00 (Mb)
#Total memory = 271.00 (Mb)
#Peak memory = 304.00 (Mb)
#Number of warnings = 2
#Total number of warnings = 4
#Number of fails = 0
#Total number of fails = 0
#Complete globalDetailRoute on Wed Mar  5 00:04:13 2014
#
*info: Setting hold target slack to 0.150
**optDesign ... cpu = 0:00:00, real = 0:00:00, mem = 271.7M **
#Created 135 library cell signatures
#Created 53 NETS and 0 SPECIALNETS signatures
#Created 80 instance signatures
Begin checking placement ...
*info: Placed = 73
*info: Unplaced = 0
Placement Density:100.00%(97/97)
setExtractRCMode -engine postRoute -coupled false
*** optDesign -postRoute ***
DRC Margin: user margin 0.0; extra margin 0
Setup Target Slack: user slack 0.0
Hold Target Slack: user slack 0.1499
*info: Setting setup target slack to 0.000
*info: Hold target slack is 0.150
*** CTE mode ***
Deleting the dont_use list
Extraction called for design 'counter' of instances=79 and nets=53 using extraction engine 'postRoute' at effort level 'low' .
**WARN: (ENCEXT-3530):	Use of command 'setDesignMode -process <process_node>' prior to extraction is recommended for maximum accuracy and optimal automatic threshold setting.
Detail RC Extraction called for design counter.
**WARN: (ENCEXT-6166):	Using capacitance table file without EXTENDED section is not recommended and will result in lower accuracy for clock nets in preRoute extraction and for all nets when using postRoute extraction -effortLevel low. Regeneration of full capacitance table is recommended.
**WARN: (ENCEXT-3032):	Since cap. table file was not provided, it will be created internally with the following process info:
* Layer Id             : 1 - M1
      Thickness        : 0.13
      Min Width        : 0.07
      Layer Dielectric : 4.1
* Layer Id             : 2 - M2
      Thickness        : 0.14
      Min Width        : 0.07
      Layer Dielectric : 4.1
* Layer Id             : 3 - M3
      Thickness        : 0.14
      Min Width        : 0.07
      Layer Dielectric : 4.1
* Layer Id             : 4 - M4
      Thickness        : 0.28
      Min Width        : 0.14
      Layer Dielectric : 4.1
* Layer Id             : 5 - M5
      Thickness        : 0.28
      Min Width        : 0.14
      Layer Dielectric : 4.1
* Layer Id             : 6 - M6
      Thickness        : 0.28
      Min Width        : 0.14
      Layer Dielectric : 4.1
* Layer Id             : 7 - M7
      Thickness        : 0.8
      Min Width        : 0.4
      Layer Dielectric : 4.1
* Layer Id             : 8 - M8
      Thickness        : 0.8
      Min Width        : 0.4
      Layer Dielectric : 4.1
* Layer Id             : 9 - M9
      Thickness        : 2
      Min Width        : 0.8
      Layer Dielectric : 4.1
* Layer Id             : 10 - M10
      Thickness        : 2
      Min Width        : 0.8
      Layer Dielectric : 4.1
extractDetailRC Option : -outfile ./counter_I6CDgS_24226.rcdb.d  -basic
RC Mode: Detail [Basic CapTable, LEF Resistances]
Capacitance Scaling Factor   : 1.00000
Resistance Scaling Factor    : 1.00000
Coupling Cap. Scaling Factor : 1.00000
Clock Cap. Scaling Factor    : 1.00000
Clock Res. Scaling Factor    : 1.00000
Shrink Factor                : 1.00000
Checking LVS Completed (CPU Time= 0:00:00.0  MEM= 281.7M)
Creating parasitic data file './counter_I6CDgS_24226.rcdb.d/header.seq' for storing RC.
Extracted 11.0497% (CPU Time= 0:00:00.0  MEM= 283.7M)
Extracted 20.9945% (CPU Time= 0:00:00.0  MEM= 283.7M)
**WARN: (ENCEXT-2882):	Unable to find resistance for via 'via1_4' in capacitance table or LEF files. Check the capacitance table and LEF files. Assigning default value of 4.0 ohms.
Extracted 30.9392% (CPU Time= 0:00:00.0  MEM= 283.7M)
Extracted 40.884% (CPU Time= 0:00:00.0  MEM= 283.7M)
Extracted 50.8287% (CPU Time= 0:00:00.0  MEM= 283.7M)
Extracted 60.7735% (CPU Time= 0:00:00.0  MEM= 283.7M)
**WARN: (ENCEXT-2882):	Unable to find resistance for via 'via2_5' in capacitance table or LEF files. Check the capacitance table and LEF files. Assigning default value of 4.0 ohms.
Extracted 70.7182% (CPU Time= 0:00:00.0  MEM= 283.7M)
Extracted 80.663% (CPU Time= 0:00:00.0  MEM= 283.7M)
Extracted 90.6077% (CPU Time= 0:00:00.0  MEM= 283.7M)
**WARN: (ENCEXT-2882):	Unable to find resistance for via 'via3_2' in capacitance table or LEF files. Check the capacitance table and LEF files. Assigning default value of 4.0 ohms.
Extracted 100% (CPU Time= 0:00:00.0  MEM= 283.7M)
Nr. Extracted Resistors     : 394
Nr. Extracted Ground Cap.   : 445
Nr. Extracted Coupling Cap. : 0
Opening parasitic data file './counter_I6CDgS_24226.rcdb.d/header.seq' for reading.
Detail RC Extraction DONE (CPU Time: 0:00:00.0  Real Time: 0:00:01.0  MEM: 281.664M)
Calculate delays in BcWc mode...
Topological Sorting (CPU = 0:00:00.0, MEM = 296.9M)
Number of Loop : 0
Start delay calculation (mem=296.949M)...
delayCal using detail RC...
Opening parasitic data file './counter_I6CDgS_24226.rcdb.d/header.seq' for reading.

RC Database In Completed (CPU Time= 0:00:00.0  MEM= 299.0M)
Closing parasitic data file './counter_I6CDgS_24226.rcdb.d/header.seq'. 51 times net's RC data read were performed.
Delay calculation completed. (cpu=0:00:00.0 real=0:00:01.0 mem=300.957M 0)
*** CDM Built up (cpu=0:00:00.0  real=0:00:01.0  mem= 301.0M) ***
-holdSdfFile {}                            # string, default=""
-holdSdfScript {}                          # string, default="", private

------------------------------------------------------------
             Initial Summary                             
------------------------------------------------------------

+--------------------+---------+
|     Setup mode     |   all   |
+--------------------+---------+
|           WNS (ns):|  5.947  |
|           TNS (ns):|  0.000  |
|    Violating Paths:|    0    |
|          All Paths:|    4    |
+--------------------+---------+

+----------------+-------------------------------+------------------+
|                |              Real             |       Total      |
|    DRVs        +------------------+------------+------------------|
|                |  Nr nets(terms)  | Worst Vio  |  Nr nets(terms)  |
+----------------+------------------+------------+------------------+
|   max_cap      |      0 (0)       |   0.000    |      0 (0)       |
|   max_tran     |      0 (0)       |   0.000    |      0 (0)       |
|   max_fanout   |      0 (0)       |     0      |      0 (0)       |
+----------------+------------------+------------+------------------+

Density: 100.000%
------------------------------------------------------------
**optDesign ... cpu = 0:00:00, real = 0:00:02, mem = 301.0M **
*** Timing Is met
*** Check timing (0:00:00.0)
*** Setup timing is met (target slack 0.0ns)
Reported timing to dir ./timingReports
**optDesign ... cpu = 0:00:00, real = 0:00:02, mem = 301.0M **

------------------------------------------------------------
     optDesign Final Summary                             
------------------------------------------------------------

+--------------------+---------+---------+---------+---------+---------+---------+
|     Setup mode     |   all   | reg2reg | in2reg  | reg2out | in2out  | clkgate |
+--------------------+---------+---------+---------+---------+---------+---------+
|           WNS (ns):|  5.947  |  5.947  |  6.624  |   N/A   |   N/A   |   N/A   |
|           TNS (ns):|  0.000  |  0.000  |  0.000  |   N/A   |   N/A   |   N/A   |
|    Violating Paths:|    0    |    0    |    0    |   N/A   |   N/A   |   N/A   |
|          All Paths:|    4    |    4    |    4    |   N/A   |   N/A   |   N/A   |
+--------------------+---------+---------+---------+---------+---------+---------+

+----------------+-------------------------------+------------------+
|                |              Real             |       Total      |
|    DRVs        +------------------+------------+------------------|
|                |  Nr nets(terms)  | Worst Vio  |  Nr nets(terms)  |
+----------------+------------------+------------+------------------+
|   max_cap      |      0 (0)       |   0.000    |      0 (0)       |
|   max_tran     |      0 (0)       |   0.000    |      0 (0)       |
|   max_fanout   |      0 (0)       |     0      |      0 (0)       |
+----------------+------------------+------------+------------------+

Density: 100.000%
------------------------------------------------------------
**optDesign ... cpu = 0:00:00, real = 0:00:02, mem = 301.0M **
*** Finished optDesign ***
**optDesign ... cpu = 0:00:00, real = 0:00:00, mem = 301.0M **
Begin checking placement ...
*info: Placed = 73
*info: Unplaced = 0
Placement Density:100.00%(97/97)
setExtractRCMode -coupled false
**WARN: (ENCEXT-3493):	Extraction mode changed by calling extraction setup command 'setExtractRCMode'. Therefore, parasitic data in the tool generated as per previous mode is deleted. Call of extractRC/spefIn will generate/bring parasitic data in the tool as per current mode.
*** optDesign -postRoute ***
DRC Margin: user margin 0.0; extra margin 0
Setup Target Slack: user slack 0.0
Hold Target Slack: user slack 0.1499
*info: Setting setup target slack to 0.000
*info: Hold target slack is 0.150
*** CTE mode ***
Extraction called for design 'counter' of instances=79 and nets=53 using extraction engine 'postRoute' at effort level 'low' .
**WARN: (ENCEXT-3530):	Use of command 'setDesignMode -process <process_node>' prior to extraction is recommended for maximum accuracy and optimal automatic threshold setting.
Detail RC Extraction called for design counter.
**WARN: (ENCEXT-6166):	Using capacitance table file without EXTENDED section is not recommended and will result in lower accuracy for clock nets in preRoute extraction and for all nets when using postRoute extraction -effortLevel low. Regeneration of full capacitance table is recommended.
**WARN: (ENCEXT-3032):	Since cap. table file was not provided, it will be created internally with the following process info:
* Layer Id             : 1 - M1
      Thickness        : 0.13
      Min Width        : 0.07
      Layer Dielectric : 4.1
* Layer Id             : 2 - M2
      Thickness        : 0.14
      Min Width        : 0.07
      Layer Dielectric : 4.1
* Layer Id             : 3 - M3
      Thickness        : 0.14
      Min Width        : 0.07
      Layer Dielectric : 4.1
* Layer Id             : 4 - M4
      Thickness        : 0.28
      Min Width        : 0.14
      Layer Dielectric : 4.1
* Layer Id             : 5 - M5
      Thickness        : 0.28
      Min Width        : 0.14
      Layer Dielectric : 4.1
* Layer Id             : 6 - M6
      Thickness        : 0.28
      Min Width        : 0.14
      Layer Dielectric : 4.1
* Layer Id             : 7 - M7
      Thickness        : 0.8
      Min Width        : 0.4
      Layer Dielectric : 4.1
* Layer Id             : 8 - M8
      Thickness        : 0.8
      Min Width        : 0.4
      Layer Dielectric : 4.1
* Layer Id             : 9 - M9
      Thickness        : 2
      Min Width        : 0.8
      Layer Dielectric : 4.1
* Layer Id             : 10 - M10
      Thickness        : 2
      Min Width        : 0.8
      Layer Dielectric : 4.1
extractDetailRC Option : -outfile ./counter_I6CDgS_24226.rcdb.d -maxResLength 200  -basic
RC Mode: Detail [Basic CapTable, LEF Resistances]
Capacitance Scaling Factor   : 1.00000
Resistance Scaling Factor    : 1.00000
Coupling Cap. Scaling Factor : 1.00000
Clock Cap. Scaling Factor    : 1.00000
Clock Res. Scaling Factor    : 1.00000
Shrink Factor                : 1.00000
Checking LVS Completed (CPU Time= 0:00:00.0  MEM= 301.0M)
Creating parasitic data file './counter_I6CDgS_24226.rcdb.d/header.seq' for storing RC.
Extracted 11.0497% (CPU Time= 0:00:00.0  MEM= 303.0M)
Extracted 20.9945% (CPU Time= 0:00:00.0  MEM= 303.0M)
Extracted 30.9392% (CPU Time= 0:00:00.0  MEM= 303.0M)
Extracted 40.884% (CPU Time= 0:00:00.0  MEM= 303.0M)
Extracted 50.8287% (CPU Time= 0:00:00.0  MEM= 303.0M)
Extracted 60.7735% (CPU Time= 0:00:00.0  MEM= 303.0M)
Extracted 70.7182% (CPU Time= 0:00:00.0  MEM= 303.0M)
Extracted 80.663% (CPU Time= 0:00:00.0  MEM= 303.0M)
Extracted 90.6077% (CPU Time= 0:00:00.0  MEM= 303.0M)
Extracted 100% (CPU Time= 0:00:00.0  MEM= 303.0M)
Nr. Extracted Resistors     : 394
Nr. Extracted Ground Cap.   : 445
Nr. Extracted Coupling Cap. : 0
Opening parasitic data file './counter_I6CDgS_24226.rcdb.d/header.seq' for reading.
Detail RC Extraction DONE (CPU Time: 0:00:00.0  Real Time: 0:00:01.0  MEM: 300.957M)
*info: All cells identified as Buffer and Delay cells:
*info: --------------------------------------------------
*info:           BUF_X16         -   NangateOpenCellLibrary
*info:           BUF_X32         -   NangateOpenCellLibrary
*info:         CLKBUF_X1         -   NangateOpenCellLibrary
*info:            BUF_X1         -   NangateOpenCellLibrary
*info:         CLKBUF_X2         -   NangateOpenCellLibrary
*info:            BUF_X2         -   NangateOpenCellLibrary
*info:         CLKBUF_X3         -   NangateOpenCellLibrary
*info:            BUF_X4         -   NangateOpenCellLibrary
*info:            BUF_X8         -   NangateOpenCellLibrary
-holdSdfFile {}                            # string, default=""
-holdSdfScript {}                          # string, default="", private
Opening parasitic data file './counter_I6CDgS_24226.rcdb.d/header.seq' for reading.

RC Database In Completed (CPU Time= 0:00:00.0  MEM= 294.5M)
Closing parasitic data file './counter_I6CDgS_24226.rcdb.d/header.seq'. 51 times net's RC data read were performed.
**ERROR: (ENCOPT-310):	Design density (100.00%) exceeds/equals limit (95.00%).
*** Started fixing hold violations - preprocessing (CPU=0:00:00.0, REAL=0:00:00.0, totSessionCpu=0:00:13.9, mem=292.4M)
Setting analysis mode to hold ...
Calculate delays in BcWc mode...
Topological Sorting (CPU = 0:00:00.0, MEM = 301.0M)
Number of Loop : 0
Start delay calculation (mem=300.957M)...
*** Calculating scaling factor for min libraries using the default operating condition of each library.
delayCal using detail RC...
Delay calculation completed. (cpu=0:00:00.0 real=0:00:00.0 mem=300.957M 0)
*** CDM Built up (cpu=0:00:00.0  real=0:00:00.0  mem= 301.0M) ***
--------------------------------------------------- 
   Hold Violation Summary with Target Slack 
--------------------------------------------------- 
 Target slack: 0.150 ns
 Worst Slack : 0.000 ns 
 TNS         : 0.000 ns 
 Viol paths  : 0 
 Max Local density  : 0.980 

 TNS and Viol paths do not include clock gating violations.
--------------------------------------------------- 
*** Started fixing hold violations, collecting hold timing for buffering (CPU=0:00:00.0, REAL=0:00:00.0, totSessionCpu=0:00:14.0, mem=301.1M)
*** Hold timing met, No need to fix hold violation 
Starting refinePlace ...
**ERROR: (ENCSP-2002):	Density too high (100.0%). Stopping detail placement.
Total net length = 5.155e+02 (1.623e+02 3.532e+02) (ext = 3.387e+02)
**ERROR: (ENCSP-9022):	Command 'refinePlace' completed with some error(s).
Calculate delays in BcWc mode...
Topological Sorting (CPU = 0:00:00.0, MEM = 301.1M)
Number of Loop : 0
Start delay calculation (mem=301.113M)...
*** Calculating scaling factor for max libraries using the default operating condition of each library.
delayCal using detail RC...
Delay calculation completed. (cpu=0:00:00.0 real=0:00:00.0 mem=301.113M 0)
*** CDM Built up (cpu=0:00:00.0  real=0:00:00.0  mem= 301.1M) ***
**optDesign ... cpu = 0:00:00, real = 0:00:02, mem = 301.1M **
Reported timing to dir ./timingReports
**optDesign ... cpu = 0:00:00, real = 0:00:02, mem = 301.1M **

------------------------------------------------------------
     optDesign Final Summary                             
------------------------------------------------------------

+--------------------+---------+---------+---------+---------+---------+---------+
|     Setup mode     |   all   | reg2reg | in2reg  | reg2out | in2out  | clkgate |
+--------------------+---------+---------+---------+---------+---------+---------+
|           WNS (ns):|  5.947  |  5.947  |  6.624  |   N/A   |   N/A   |   N/A   |
|           TNS (ns):|  0.000  |  0.000  |  0.000  |   N/A   |   N/A   |   N/A   |
|    Violating Paths:|    0    |    0    |    0    |   N/A   |   N/A   |   N/A   |
|          All Paths:|    4    |    4    |    4    |   N/A   |   N/A   |   N/A   |
+--------------------+---------+---------+---------+---------+---------+---------+

+--------------------+---------+---------+---------+---------+---------+---------+
|     Hold mode      |   all   | reg2reg | in2reg  | reg2out | in2out  | clkgate |
+--------------------+---------+---------+---------+---------+---------+---------+
|           WNS (ns):|  0.169  |  0.188  |  0.169  |   N/A   |   N/A   |   N/A   |
|           TNS (ns):|  0.000  |  0.000  |  0.000  |   N/A   |   N/A   |   N/A   |
|    Violating Paths:|    0    |    0    |    0    |   N/A   |   N/A   |   N/A   |
|          All Paths:|    4    |    4    |    4    |   N/A   |   N/A   |   N/A   |
+--------------------+---------+---------+---------+---------+---------+---------+

+----------------+-------------------------------+------------------+
|                |              Real             |       Total      |
|    DRVs        +------------------+------------+------------------|
|                |  Nr nets(terms)  | Worst Vio  |  Nr nets(terms)  |
+----------------+------------------+------------+------------------+
|   max_cap      |      0 (0)       |   0.000    |      0 (0)       |
|   max_tran     |      0 (0)       |   0.000    |      0 (0)       |
|   max_fanout   |      0 (0)       |     0      |      0 (0)       |
+----------------+------------------+------------+------------------+

Density: 100.000%
------------------------------------------------------------
**optDesign ... cpu = 0:00:00, real = 0:00:02, mem = 292.6M **
*** Finished optDesign ***
Begin checking placement ...
*info: Placed = 79
*info: Unplaced = 0
Placement Density:100.00%(97/97)
All 51 nets 128 terms of cell counter are properly connected
Applying the recommended capacitance filtering threshold values for 45nm process node: total_c_th=0, relative_c_th=1 and coupling_c_th=0.1.
	These values will be used by all post-route extraction engines, including TQRC, IQRC and QRC extraction.
	Capacitance filtering mode(-capFilterMode option of the setExtractRCMode) is 'relAndCoup' for all engines.
	The accuracy mode for detail extraction will be set to 'high'.
	Default value for EffortLevel(-effortLevel option of the setExtractRCMode) in postRoute extraction mode will be 'medium' if QRC technology file is specified else 'low'.
#techfile    '/afs/eos.ncsu.edu/lockers/research/ece/wdavis/tech/FreePDK45/ncsu_basekit/techfile/qrc/qrc.tch' (string, user setting)
Lower process node design mode set and technology file for TQRC extraction specified. Therefore default value for PostRoute extraction mode's effortLevel(-effortLevel option of the setExtractRCMode) changed from 'low' to 'medium'.
**WARN: (ENCTCM-70):	Option "-coupled" for command setExtractRCMode is obsolete and has been replaced by "-coupled true". The obsolete option still works in this release, but to avoid this warning and to ensure compatibility with future releases, update your script to use "-coupled true".
**WARN: (ENCEXT-3410):	Option -assumeMetalFill is recommended only in default extraction mode. It will use the basic cap table instead of extnded cap table in detail or TQRC/IQRC mode.
Extraction called for design 'counter' of instances=79 and nets=53 using extraction engine 'postRoute' at effort level 'low' .
Detail RC Extraction called for design counter.
**WARN: (ENCEXT-6166):	Using capacitance table file without EXTENDED section is not recommended and will result in lower accuracy for clock nets in preRoute extraction and for all nets when using postRoute extraction -effortLevel low. Regeneration of full capacitance table is recommended.
**WARN: (ENCEXT-3442):	An old version capacitance table file is being used with new extraction engine. To get accuracy improvement with new extraction engine, regenerate the new capacitance table file. Extraction will be done with 'standard' accuracy mode.
**WARN: (ENCEXT-3032):	Since cap. table file was not provided, it will be created internally with the following process info:
* Layer Id             : 1 - M1
      Thickness        : 0.13
      Min Width        : 0.07
      Layer Dielectric : 4.1
* Layer Id             : 2 - M2
      Thickness        : 0.14
      Min Width        : 0.07
      Layer Dielectric : 4.1
* Layer Id             : 3 - M3
      Thickness        : 0.14
      Min Width        : 0.07
      Layer Dielectric : 4.1
* Layer Id             : 4 - M4
      Thickness        : 0.28
      Min Width        : 0.14
      Layer Dielectric : 4.1
* Layer Id             : 5 - M5
      Thickness        : 0.28
      Min Width        : 0.14
      Layer Dielectric : 4.1
* Layer Id             : 6 - M6
      Thickness        : 0.28
      Min Width        : 0.14
      Layer Dielectric : 4.1
* Layer Id             : 7 - M7
      Thickness        : 0.8
      Min Width        : 0.4
      Layer Dielectric : 4.1
* Layer Id             : 8 - M8
      Thickness        : 0.8
      Min Width        : 0.4
      Layer Dielectric : 4.1
* Layer Id             : 9 - M9
      Thickness        : 2
      Min Width        : 0.8
      Layer Dielectric : 4.1
* Layer Id             : 10 - M10
      Thickness        : 2
      Min Width        : 0.8
      Layer Dielectric : 4.1
extractDetailRC Option : -outfile ./counter_I6CDgS_24226.rcdb.d -maxResLength 200  -basic -newAssumeMetFill
Assumed metal fill uses the following parameters:
              Active Spacing      Min. Width
                [microns]         [microns]
**WARN: (ENCEXT-3087):	Fill active spacing for layer M1 is not specified, it will use  0.600 microns.
  Layer M1        0.600             0.400 
**WARN: (ENCEXT-3087):	Fill active spacing for layer M2 is not specified, it will use  0.600 microns.
  Layer M2        0.600             0.400 
**WARN: (ENCEXT-3087):	Fill active spacing for layer M3 is not specified, it will use  0.600 microns.
  Layer M3        0.600             0.400 
**WARN: (ENCEXT-3087):	Fill active spacing for layer M4 is not specified, it will use  0.600 microns.
  Layer M4        0.600             0.400 
**WARN: (ENCEXT-3087):	Fill active spacing for layer M5 is not specified, it will use  0.600 microns.
  Layer M5        0.600             0.400 
**WARN: (ENCEXT-3087):	Fill active spacing for layer M6 is not specified, it will use  0.600 microns.
  Layer M6        0.600             0.400 
**WARN: (ENCEXT-3087):	Fill active spacing for layer M7 is not specified, it will use  0.600 microns.
  Layer M7        0.600             0.400 
**WARN: (ENCEXT-3087):	Fill active spacing for layer M8 is not specified, it will use  0.600 microns.
  Layer M8        0.600             0.400 
**WARN: (ENCEXT-3087):	Fill active spacing for layer M9 is not specified, it will use  0.600 microns.
  Layer M9        0.600             0.400 
**WARN: (ENCEXT-3087):	Fill active spacing for layer M10 is not specified, it will use  0.600 microns.
  Layer M10        0.600             0.400 
RC Mode: Detail [Assume Metal Fill, LEF Resistances]
Capacitance Scaling Factor   : 1.00000
Resistance Scaling Factor    : 1.00000
Coupling Cap. Scaling Factor : 1.00000
Clock Cap. Scaling Factor    : 1.00000
Clock Res. Scaling Factor    : 1.00000
Shrink Factor                : 1.00000
Checking LVS Completed (CPU Time= 0:00:00.0  MEM= 292.6M)
Creating parasitic data file './counter_I6CDgS_24226.rcdb.d/header.seq' for storing RC.
Extracted 11.0497% (CPU Time= 0:00:00.0  MEM= 294.6M)
Extracted 20.9945% (CPU Time= 0:00:00.0  MEM= 294.6M)
Extracted 30.9392% (CPU Time= 0:00:00.0  MEM= 294.6M)
Extracted 40.884% (CPU Time= 0:00:00.0  MEM= 294.6M)
Extracted 50.8287% (CPU Time= 0:00:00.0  MEM= 294.6M)
Extracted 60.7735% (CPU Time= 0:00:00.0  MEM= 294.6M)
Extracted 70.7182% (CPU Time= 0:00:00.0  MEM= 294.6M)
Extracted 80.663% (CPU Time= 0:00:00.0  MEM= 294.6M)
Extracted 90.6077% (CPU Time= 0:00:00.0  MEM= 294.6M)
Extracted 100% (CPU Time= 0:00:00.0  MEM= 294.6M)
Nr. Extracted Resistors     : 394
Nr. Extracted Ground Cap.   : 445
Nr. Extracted Coupling Cap. : 604
Opening parasitic data file './counter_I6CDgS_24226.rcdb.d/header.seq' for reading.
Filtering XCap in 'relativeAndCoupling' mode using values coupling_c_threshold=0.1fF, relative_c_threshold=1 and total_c_threshold=0fF.
Checking LVS Completed (CPU Time= 0:00:00.0  MEM= 294.6M)
Creating parasitic data file './counter_I6CDgS_24226.rcdb_Filter.rcdb.d/header.seq' for storing RC.
Closing parasitic data file './counter_I6CDgS_24226.rcdb.d/header.seq'. 51 times net's RC data read were performed.
Opening parasitic data file './counter_I6CDgS_24226.rcdb.d/header.seq' for reading.
Detail RC Extraction DONE (CPU Time: 0:00:00.0  Real Time: 0:00:03.0  MEM: 292.594M)
Writing Netlist "counter_routed.v" ...
Opening parasitic data file './counter_I6CDgS_24226.rcdb.d/header.seq' for reading.
Dumping Spef file.....
RC Out has the following PVT Info:
   RC-typical 
Printing D_NET...
Done!
Detail RC Out Completed (CPU Time= 0:00:00.0  MEM= 294.6M)
Closing parasitic data file './counter_I6CDgS_24226.rcdb.d/header.seq'. 51 times net's RC data read were performed.
**WARN: (ENCSYC-1870):	setAnalysisMode -clockPropagation autoDetectClockTree not supported in CTE timing mode, mapping it to setAnalysisMode -clockPropagation sdcControl
{DETAILMESSAGE}

------------------------------------------------------------
          timeDesign Summary                             
------------------------------------------------------------

+--------------------+---------+---------+---------+---------+---------+---------+
|     Setup mode     |   all   | reg2reg | in2reg  | reg2out | in2out  | clkgate |
+--------------------+---------+---------+---------+---------+---------+---------+
|           WNS (ns):|  5.945  |  5.945  |  6.622  |   N/A   |   N/A   |   N/A   |
|           TNS (ns):|  0.000  |  0.000  |  0.000  |   N/A   |   N/A   |   N/A   |
|    Violating Paths:|    0    |    0    |    0    |   N/A   |   N/A   |   N/A   |
|          All Paths:|    4    |    4    |    4    |   N/A   |   N/A   |   N/A   |
+--------------------+---------+---------+---------+---------+---------+---------+

+----------------+-------------------------------+------------------+
|                |              Real             |       Total      |
|    DRVs        +------------------+------------+------------------|
|                |  Nr nets(terms)  | Worst Vio  |  Nr nets(terms)  |
+----------------+------------------+------------+------------------+
|   max_cap      |      0 (0)       |   0.000    |      0 (0)       |
|   max_tran     |      0 (0)       |   0.000    |      0 (0)       |
|   max_fanout   |      0 (0)       |     0      |      0 (0)       |
+----------------+------------------+------------+------------------+

Density: 100.000%
------------------------------------------------------------
Reported timing to dir ./timingReports
Total CPU time: 0.07 sec
Total Real time: 1.0 sec
Total Memory Usage: 301.242188 Mbytes

------------------------------------------------------------
          timeDesign Summary                             
------------------------------------------------------------

+--------------------+---------+---------+---------+---------+---------+---------+
|     Hold mode      |   all   | reg2reg | in2reg  | reg2out | in2out  | clkgate |
+--------------------+---------+---------+---------+---------+---------+---------+
|           WNS (ns):|  0.169  |  0.188  |  0.169  |   N/A   |   N/A   |   N/A   |
|           TNS (ns):|  0.000  |  0.000  |  0.000  |   N/A   |   N/A   |   N/A   |
|    Violating Paths:|    0    |    0    |    0    |   N/A   |   N/A   |   N/A   |
|          All Paths:|    4    |    4    |    4    |   N/A   |   N/A   |   N/A   |
+--------------------+---------+---------+---------+---------+---------+---------+

Density: 100.000%
------------------------------------------------------------
Reported timing to dir ./timingReports
Total CPU time: 0.05 sec
Total Real time: 0.0 sec
Total Memory Usage: 292.59375 Mbytes
Redoing specifyClockTree ...
Checking spec file integrity...
Writing Netlist "./counter_routed.enc.dat/counter.v.gz" ...
Saving clock tree spec file './counter_routed.enc.dat/counter.ctstch' ...
Saving configuration ...
Saving preference file ./counter_routed.enc.dat/enc.pref.tcl ...
Saving floorplan ...
Saving Drc markers ...
... No Drc file written since there is no markers found.
Saving placement ...
*** Completed savePlace (cpu=0:00:00.0 real=0:00:00.0 mem=292.7M) ***
Saving route ...
*** Completed saveRoute (cpu=0:00:00.0 real=0:00:00.0 mem=292.7M) ***
*** Completed saveYieldMap (cpu=: 0:00:00.0 real=0:00:00.0 mem=: 0.000M) ***
Creating constraint file...
Writing DEF file './counter_routed.def', current time is Wed Mar  5 00:04:24 2014 ...
unitPerMicron=2000, dbgMicronPerDBU=0.000500, unitPerDBU=1.000000
DEF file './counter_routed.def' is written, current time is Wed Mar  5 00:04:24 2014 ...
run_route.tcl completed successfully (elapsed time: 0h 0m 18s actual)

*** Memory Usage v0.159.2.6.2.1 (Current mem = 292.719M, initial mem = 46.473M) ***
--- Ending "Encounter" (totcpu=0:00:14.4, real=0:00:26.0, mem=292.7M) ---
