Checking out Encounter license ...
Encounter_Digital_Impl_Sys_XL 9.1 license checkout succeeded.
You can run 2 CPU jobs with the base license that is currently checked out.
If required, use the setMultiCpuUsage command to enable multi-CPU processing.
**ERROR: (ENCOAX-148):	Could not open shared library libfeoax22.so : /ncsu/cadence2012/edi/tools/lib/libstdc++.so.6: version `GLIBCXX_3.4.9' not found (required by /ncsu/cadence2012/oa/lib/linux_rhel40_gcc44x_32/opt/liboaPlugIn.so)

**ERROR: (ENCOAX-148):	OA features will be disabled in this session.

*******************************************************************
*   Copyright (c)  Cadence Design Systems, Inc.  1996 - 2009.     *
*                     All rights reserved.                        *
*                                                                 *
*                                                                 *
*                                                                 *
* This program contains confidential and trade secret information *
* of Cadence Design Systems, Inc. and is protected by copyright   *
* law and international treaties.  Any reproduction, use,         *
* distribution or disclosure of this program or any portion of it,*
* or any attempt to obtain a human-readable version of this       *
* program, without the express, prior written consent of          *
* Cadence Design Systems, Inc., is strictly prohibited.           *
*                                                                 *
*                 Cadence Design Systems, Inc.                    *
*                    2655 Seely Avenue                            *
*                   San Jose, CA 95134,  USA                      *
*                                                                 *
*                                                                 *
*******************************************************************

@(#)CDS: Encounter v09.11-s084_1 (32bit) 04/26/2010 12:41 (Linux 2.6)
@(#)CDS: NanoRoute v09.11-s008 NR100226-1806/USR63-UB (database version 2.30, 93.1.1) {superthreading v1.14}
@(#)CDS: CeltIC v09.11-s011_1 (32bit) 03/04/2010 09:23:40 (Linux 2.6.9-78.0.25.ELsmp)
@(#)CDS: CTE 09.11-s016_1 (32bit) Apr  8 2010 03:34:50 (Linux 2.6.9-78.0.25.ELsmp)
@(#)CDS: CPE v09.11-s023
--- Starting "Encounter v09.11-s084_1" on Wed Mar  5 00:01:37 2014 (mem=46.5M) ---
--- Running on soultrain.ece.ncsu.edu (x86_64 w/Linux 2.6.18-348.6.1.el5) ---
This version was compiled on Mon Apr 26 12:41:13 PDT 2010.
Set DBUPerIGU to 1000.
Set net toggle Scale Factor to 1.00
Set Shrink Factor to 1.00000
Sourcing tcl/tk file "run_place.tcl" ...
Reading config file - ./counter_init.enc.dat/counter.conf

Loading Lef file /afs/eos.ncsu.edu/lockers/research/ece/wdavis/tech/nangate/NangateOpenCellLibrary_PDKv1_3_v2009_07/lef/NangateOpenCellLibrary.lef...
Set DBUPerIGU to M2 pitch 380.
Initializing default via types and wire widths ...

Power Planner/ViaGen version 8.1.46 promoted on 02/17/2009.
viaInitial starts at Wed Mar  5 00:01:38 2014
viaInitial ends at Wed Mar  5 00:01:38 2014
Reading netlist ...
Backslashed names will retain backslash and a trailing blank character.
Reading verilog netlist './counter_init.enc.dat/counter.v.gz'

*** Memory Usage v0.159.2.6.2.1 (Current mem = 221.578M, initial mem = 46.473M) ***
*** End netlist parsing (cpu=0:00:00.0, real=0:00:00.0, mem=221.6M) ***
Set top cell to counter.
Reading max timing library '/afs/eos.ncsu.edu/lockers/research/ece/wdavis/tech/nangate/NangateOpenCellLibrary_PDKv1_3_v2009_07/liberty/NangateOpenCellLibrary_slow_conditional_ecsm.lib' ...
**WARN: (TECHLIB-436):	Attribute 'max_fanout' on 'output/inout' pin 'ZN' of cell 'AND2_X1' is not defined in the library. Either define this value in the library or use set_default_timing_library to pick these values from a default library.
**WARN: (TECHLIB-436):	Attribute 'max_fanout' on 'output/inout' pin 'ZN' of cell 'AND2_X2' is not defined in the library. Either define this value in the library or use set_default_timing_library to pick these values from a default library.
**WARN: (TECHLIB-436):	Attribute 'max_fanout' on 'output/inout' pin 'ZN' of cell 'AND2_X4' is not defined in the library. Either define this value in the library or use set_default_timing_library to pick these values from a default library.
**WARN: (TECHLIB-436):	Attribute 'max_fanout' on 'output/inout' pin 'ZN' of cell 'AND3_X1' is not defined in the library. Either define this value in the library or use set_default_timing_library to pick these values from a default library.
**WARN: (TECHLIB-436):	Attribute 'max_fanout' on 'output/inout' pin 'ZN' of cell 'AND3_X2' is not defined in the library. Either define this value in the library or use set_default_timing_library to pick these values from a default library.
**WARN: (TECHLIB-436):	Attribute 'max_fanout' on 'output/inout' pin 'ZN' of cell 'AND3_X4' is not defined in the library. Either define this value in the library or use set_default_timing_library to pick these values from a default library.
**WARN: (TECHLIB-436):	Attribute 'max_fanout' on 'output/inout' pin 'ZN' of cell 'AND4_X1' is not defined in the library. Either define this value in the library or use set_default_timing_library to pick these values from a default library.
**WARN: (TECHLIB-436):	Attribute 'max_fanout' on 'output/inout' pin 'ZN' of cell 'AND4_X2' is not defined in the library. Either define this value in the library or use set_default_timing_library to pick these values from a default library.
**WARN: (TECHLIB-436):	Attribute 'max_fanout' on 'output/inout' pin 'ZN' of cell 'AND4_X4' is not defined in the library. Either define this value in the library or use set_default_timing_library to pick these values from a default library.
**WARN: (TECHLIB-436):	Attribute 'max_fanout' on 'output/inout' pin 'ZN' of cell 'AOI211_X1' is not defined in the library. Either define this value in the library or use set_default_timing_library to pick these values from a default library.
**WARN: (TECHLIB-436):	Attribute 'max_fanout' on 'output/inout' pin 'ZN' of cell 'AOI211_X2' is not defined in the library. Either define this value in the library or use set_default_timing_library to pick these values from a default library.
**WARN: (TECHLIB-436):	Attribute 'max_fanout' on 'output/inout' pin 'ZN' of cell 'AOI211_X4' is not defined in the library. Either define this value in the library or use set_default_timing_library to pick these values from a default library.
**WARN: (TECHLIB-436):	Attribute 'max_fanout' on 'output/inout' pin 'ZN' of cell 'AOI21_X1' is not defined in the library. Either define this value in the library or use set_default_timing_library to pick these values from a default library.
**WARN: (TECHLIB-436):	Attribute 'max_fanout' on 'output/inout' pin 'ZN' of cell 'AOI21_X2' is not defined in the library. Either define this value in the library or use set_default_timing_library to pick these values from a default library.
**WARN: (TECHLIB-436):	Attribute 'max_fanout' on 'output/inout' pin 'ZN' of cell 'AOI21_X4' is not defined in the library. Either define this value in the library or use set_default_timing_library to pick these values from a default library.
**WARN: (TECHLIB-436):	Attribute 'max_fanout' on 'output/inout' pin 'ZN' of cell 'AOI221_X1' is not defined in the library. Either define this value in the library or use set_default_timing_library to pick these values from a default library.
**WARN: (TECHLIB-436):	Attribute 'max_fanout' on 'output/inout' pin 'ZN' of cell 'AOI221_X2' is not defined in the library. Either define this value in the library or use set_default_timing_library to pick these values from a default library.
**WARN: (TECHLIB-436):	Attribute 'max_fanout' on 'output/inout' pin 'ZN' of cell 'AOI221_X4' is not defined in the library. Either define this value in the library or use set_default_timing_library to pick these values from a default library.
**WARN: (TECHLIB-436):	Attribute 'max_fanout' on 'output/inout' pin 'ZN' of cell 'AOI222_X1' is not defined in the library. Either define this value in the library or use set_default_timing_library to pick these values from a default library.
**WARN: (TECHLIB-436):	Attribute 'max_fanout' on 'output/inout' pin 'ZN' of cell 'AOI222_X2' is not defined in the library. Either define this value in the library or use set_default_timing_library to pick these values from a default library.
**WARN: (TECHLIB-9116):	(NangateOpenCellLibrary_slow_conditional_ecsm.lib, block starting at: 128760) The sdf_cond statement(s) in the cell DFFRS_X1 does not comply with IEEE OVI SDF Standards 3.0 for hold_rising arcs.  
**WARN: (TECHLIB-9116):	(NangateOpenCellLibrary_slow_conditional_ecsm.lib, block starting at: 128786) The sdf_cond statement(s) in the cell DFFRS_X1 does not comply with IEEE OVI SDF Standards 3.0 for setup_rising arcs.  
**WARN: (TECHLIB-9116):	(NangateOpenCellLibrary_slow_conditional_ecsm.lib, block starting at: 128924) The sdf_cond statement(s) in the cell DFFRS_X1 does not comply with IEEE OVI SDF Standards 3.0 for recovery_rising arcs.  
**WARN: (TECHLIB-9116):	(NangateOpenCellLibrary_slow_conditional_ecsm.lib, block starting at: 128941) The sdf_cond statement(s) in the cell DFFRS_X1 does not comply with IEEE OVI SDF Standards 3.0 for removal_rising arcs.  
**WARN: (TECHLIB-9116):	(NangateOpenCellLibrary_slow_conditional_ecsm.lib, block starting at: 129010) The sdf_cond statement(s) in the cell DFFRS_X1 does not comply with IEEE OVI SDF Standards 3.0 for recovery_rising arcs.  
**WARN: (TECHLIB-9116):	(NangateOpenCellLibrary_slow_conditional_ecsm.lib, block starting at: 129027) The sdf_cond statement(s) in the cell DFFRS_X1 does not comply with IEEE OVI SDF Standards 3.0 for removal_rising arcs.  
**WARN: (TECHLIB-9116):	(NangateOpenCellLibrary_slow_conditional_ecsm.lib, block starting at: 134192) The sdf_cond statement(s) in the cell DFFRS_X2 does not comply with IEEE OVI SDF Standards 3.0 for hold_rising arcs.  
**WARN: (TECHLIB-9116):	(NangateOpenCellLibrary_slow_conditional_ecsm.lib, block starting at: 134218) The sdf_cond statement(s) in the cell DFFRS_X2 does not comply with IEEE OVI SDF Standards 3.0 for setup_rising arcs.  
**WARN: (TECHLIB-9116):	(NangateOpenCellLibrary_slow_conditional_ecsm.lib, block starting at: 134356) The sdf_cond statement(s) in the cell DFFRS_X2 does not comply with IEEE OVI SDF Standards 3.0 for recovery_rising arcs.  
**WARN: (TECHLIB-9116):	(NangateOpenCellLibrary_slow_conditional_ecsm.lib, block starting at: 134373) The sdf_cond statement(s) in the cell DFFRS_X2 does not comply with IEEE OVI SDF Standards 3.0 for removal_rising arcs.  
**WARN: (TECHLIB-9116):	(NangateOpenCellLibrary_slow_conditional_ecsm.lib, block starting at: 134442) The sdf_cond statement(s) in the cell DFFRS_X2 does not comply with IEEE OVI SDF Standards 3.0 for recovery_rising arcs.  
**WARN: (TECHLIB-9116):	(NangateOpenCellLibrary_slow_conditional_ecsm.lib, block starting at: 134459) The sdf_cond statement(s) in the cell DFFRS_X2 does not comply with IEEE OVI SDF Standards 3.0 for removal_rising arcs.  
**WARN: (TECHLIB-9116):	(NangateOpenCellLibrary_slow_conditional_ecsm.lib, block starting at: 330053) The sdf_cond statement(s) in the cell SDFFRS_X1 does not comply with IEEE OVI SDF Standards 3.0 for hold_rising arcs.  
**WARN: (TECHLIB-9116):	(NangateOpenCellLibrary_slow_conditional_ecsm.lib, block starting at: 330079) The sdf_cond statement(s) in the cell SDFFRS_X1 does not comply with IEEE OVI SDF Standards 3.0 for hold_rising arcs.  
**WARN: (TECHLIB-9116):	(NangateOpenCellLibrary_slow_conditional_ecsm.lib, block starting at: 330105) The sdf_cond statement(s) in the cell SDFFRS_X1 does not comply with IEEE OVI SDF Standards 3.0 for setup_rising arcs.  
**WARN: (TECHLIB-9116):	(NangateOpenCellLibrary_slow_conditional_ecsm.lib, block starting at: 330131) The sdf_cond statement(s) in the cell SDFFRS_X1 does not comply with IEEE OVI SDF Standards 3.0 for setup_rising arcs.  
**WARN: (TECHLIB-9116):	(NangateOpenCellLibrary_slow_conditional_ecsm.lib, block starting at: 330177) The sdf_cond statement(s) in the cell SDFFRS_X1 does not comply with IEEE OVI SDF Standards 3.0 for recovery_rising arcs.  
**WARN: (TECHLIB-9116):	(NangateOpenCellLibrary_slow_conditional_ecsm.lib, block starting at: 330194) The sdf_cond statement(s) in the cell SDFFRS_X1 does not comply with IEEE OVI SDF Standards 3.0 for recovery_rising arcs.  
**WARN: (TECHLIB-9116):	(NangateOpenCellLibrary_slow_conditional_ecsm.lib, block starting at: 330211) The sdf_cond statement(s) in the cell SDFFRS_X1 does not comply with IEEE OVI SDF Standards 3.0 for recovery_rising arcs.  
**WARN: (TECHLIB-9116):	(NangateOpenCellLibrary_slow_conditional_ecsm.lib, block starting at: 330228) The sdf_cond statement(s) in the cell SDFFRS_X1 does not comply with IEEE OVI SDF Standards 3.0 for recovery_rising arcs.  
 read 134 cells in library 'NangateOpenCellLibrary' 
Reading min timing library '/afs/eos.ncsu.edu/lockers/research/ece/wdavis/tech/nangate/NangateOpenCellLibrary_PDKv1_3_v2009_07/liberty/NangateOpenCellLibrary_fast_conditional_ecsm.lib' ...
 read 134 cells in library 'NangateOpenCellLibrary' 
*** End library_loading (cpu=0.07min, mem=22.4M, fe_cpu=0.21min, fe_mem=244.0M) ***
Starting recursive module instantiation check.
No recursion found.
Building hierarchical netlist for Cell counter ...
*** Netlist is unique.
** info: there are 269 modules.
** info: there are 24 stdCell insts.

*** Memory Usage v0.159.2.6.2.1 (Current mem = 244.273M, initial mem = 46.473M) ***
Suppress "**WARN ..." messages.
Un-suppress "**WARN ..." messages.
INFO (CTE): constraints read successfully
*** Read timing constraints (cpu=0:00:00.0 mem=245.2M) ***
Total number of combinational cells: 99
Total number of sequential cells: 29
Total number of tristate cells: 6
Total number of level shifter cells: 0
Total number of power gating cells: 0
Total number of isolation cells: 0
Total number of power switch cells: 0
Total number of pulse generator cells: 0
Total number of always on buffers: 0
Total number of retention cells: 0
List of usable buffers: BUF_X2 BUF_X1 BUF_X4 BUF_X8 CLKBUF_X1 CLKBUF_X3 CLKBUF_X2
Total number of usable buffers: 7
List of unusable buffers:
Total number of unusable buffers: 0
List of usable inverters: INV_X2 INV_X1 INV_X16 INV_X32 INV_X4 INV_X8
Total number of usable inverters: 6
List of unusable inverters:
Total number of unusable inverters: 0
List of identified usable delay cells: BUF_X16 BUF_X32
Total number of identified usable delay cells: 2
List of identified unusable delay cells:
Total number of identified unusable delay cells: 0
*info: set bottom ioPad orient R0
Set Using Default Delay Limit as 1000.
Set Default Net Delay as 1000 ps.
Set Default Net Load as 0.5 pF.
Set Input Pin Transition Delay as 120 ps.
PreRoute Cap Scale Factor :        1.00
PreRoute Res Scale Factor :        1.00
PostRoute Cap Scale Factor :       1.00
PostRoute Res Scale Factor :       1.00
PostRoute XCap Scale Factor :      1.00

PreRoute Clock Cap Scale Factor :  1.00	[Derived from postRoute_cap (effortLevel low)]
PreRoute Clock Res Scale Factor :  1.00	[Derived from postRoute_res (effortLevel low)]
PostRoute Clock Cap Scale Factor : 1.00	[Derived from postRoute_cap (effortLevel low)]
PostRoute Clock Res Scale Factor : 1.00	[Derived from postRoute_res (effortLevel low)]
Loading preference file ./counter_init.enc.dat/enc.pref.tcl ...
Loading mode file ./counter_init.enc.dat/counter.mode ...
Reading floorplan file - ./counter_init.enc.dat/counter.fp.gz (mem = 246.3M).
Set FPlanBox to (0 0 180180 180080)
Extracting standard cell pins and blockage ...... 
Pin and blockage extraction finished
*** End loading floorplan (cpu = 0:00:00.0, mem = 246.3M) ***
loading place ...
*** Checked 2 GNC rules.
*** applyConnectGlobalNets disabled.
Reading placement file - ./counter_init.enc.dat/counter.place.gz.
** Reading stdCellPlacement "./counter_init.enc.dat/counter.place.gz" ...
*** Completed restorePlace (cpu=0:00:00.0 real=0:00:00.0 mem=246.3M) ***
Total net length = 3.400e-02 (1.700e-02 1.700e-02) (ext = 8.000e-03)
Unplaced Insts:	24 out of 24
**WARN: (ENCSP-311):	About 100.00% of instances are not placed. Rerun full placement to place these instances.
*** Checked 2 GNC rules.
*** Applying global-net connections...
*** Applied 2 GNC rules (cpu = 0:00:00.0, w/ 0:00:00.0 init)
loading route ...
Reading routing file - ./counter_init.enc.dat/counter.route.gz.
Reading Cadence  routing data (Created by Encounter v09.11-s084_1 on Wed Mar  5 00:01:24 2014 Format: 9.3)...
*** Total 36 nets are successfully restored.
*** Completed restoreRoute (cpu=0:00:00.0 real=0:00:00.0 mem=246.3M) ***
source ./counter_init.enc.dat/counter_power_constraints.tcl
Suppress "**WARN ..." messages.
Un-suppress "**WARN ..." messages.
INFO (CTE): constraints read successfully
*** Read timing constraints (cpu=0:00:00.0 mem=245.8M) ***
IO Constraint file (io.place) not found, saving template in (io.tmpl)
Suggest modifying io.tmpl and saving as io.place
*** Starting placeDesign default flow ***
*** Start deleteBufferTree ***
Calculate delays in BcWc mode...
Topological Sorting (CPU = 0:00:00.0, MEM = 261.4M)
Number of Loop : 0
Start delay calculation (mem=261.379M)...
Delay calculation completed. (cpu=0:00:00.0 real=0:00:00.0 mem=265.516M 0)
*** CDM Built up (cpu=0:00:00.0  real=0:00:00.0  mem= 265.5M) ***
Info: Detect buffers to remove automatically.
Analyzing netlist ...
Updating netlist
*summary: 0 instances (buffers/inverters) removed
*** Finish deleteBufferTree (0:00:00.0) ***
*** Starting "NanoPlace(TM) placement v0.892.2.8.2.1 (mem=265.5M)" ...
*** Build Buffered Sizing Timing Model
(cpu=0:00:00.8 mem=269.6M) ***
*** Build Virtual Sizing Timing Model
(cpu=0:00:00.9 mem=271.4M) ***
Options: timingDriven ignoreScan ignoreSpare pinGuide gpeffort=medium 
**WARN: (ENCDB-2082):	Scan chains were not defined, -ignoreScan option will be ignored. 
Please first define the scan chains before using this option.
#std cell=24 #block=0 (0 floating + 0 preplaced) #ioInst=0 #net=34 #term=94 #term/net=2.76, #fixedIo=0, #floatIo=0, #fixedPin=0, #floatPin=8
stdCell: 24 single + 0 double + 0 multi
Total standard cell length = 0.0274 (mm), area = 0.0000 (mm^2)
Average module density = 0.396.
Density for the design = 0.396.
       = stdcell_area 144 (38 um^2) / alloc_area 364 (97 um^2).
Pin Density = 0.653.
            = total # of pins 94 / total Instance area 144.
Iteration  1: Total net bbox = 0.000e+00 (0.00e+00 0.00e+00)
              Est.  stn bbox = 0.000e+00 (0.00e+00 0.00e+00)
              cpu = 0:00:00.0 real = 0:00:00.0 mem = 271.7M
Iteration  2: Total net bbox = 0.000e+00 (0.00e+00 0.00e+00)
              Est.  stn bbox = 0.000e+00 (0.00e+00 0.00e+00)
              cpu = 0:00:00.0 real = 0:00:00.0 mem = 271.7M
Iteration  3: Total net bbox = 1.006e+00 (4.01e-01 6.06e-01)
              Est.  stn bbox = 1.006e+00 (4.01e-01 6.06e-01)
              cpu = 0:00:00.0 real = 0:00:00.0 mem = 271.7M
Iteration  4: Total net bbox = 8.737e+01 (3.84e+01 4.89e+01)
              Est.  stn bbox = 8.737e+01 (3.84e+01 4.89e+01)
              cpu = 0:00:00.0 real = 0:00:00.0 mem = 271.7M
Iteration  5: Total net bbox = 1.222e+02 (6.26e+01 5.96e+01)
              Est.  stn bbox = 1.222e+02 (6.26e+01 5.96e+01)
              cpu = 0:00:00.0 real = 0:00:00.0 mem = 271.7M
Iteration  6: Total net bbox = 4.725e+02 (1.68e+02 3.05e+02)
              Est.  stn bbox = 4.910e+02 (1.71e+02 3.20e+02)
              cpu = 0:00:00.0 real = 0:00:00.0 mem = 271.7M
*** cost = 4.725e+02 (1.68e+02 3.05e+02) (cpu for global=0:00:00.0) real=0:00:00.0***
Core Placement runtime cpu: 0:00:00.0 real: 0:00:00.0
Starting refinePlace ...
move report: placeLevelShifters moves 0 insts, mean move: 0.00 um, max move: 0.00 um
  Spread Effort: high, pre-route mode. (cpu=0:00:00.1, real=0:00:00.0)
move report: preRPlace moves 2 insts, mean move: 0.89 um, max move: 1.59 um
	max move on inst (U34): (43.70, 47.04) --> (43.89, 45.64)
Placement tweakage begins.
wire length = 4.769e+02 = 2.103e+02 H + 2.666e+02 V
wire length = 4.596e+02 = 1.930e+02 H + 2.666e+02 V
Placement tweakage ends.
move report: wireLenOpt moves 10 insts, mean move: 2.30 um, max move: 3.42 um
	max move on inst (U15): (48.45, 40.04) --> (45.03, 40.04)
move report: rPlace moves 12 insts, mean move: 2.06 um, max move: 3.42 um
	max move on inst (U15): (48.45, 40.04) --> (45.03, 40.04)
Statistics of distance of Instance movement in detailed placement:
  maximum (X+Y) =         3.42 um
  inst (U15) with max move: (48.45, 40.04) -> (45.03, 40.04)
  mean    (X+Y) =         2.06 um
Total instances flipped for legalization: 9
Total instances moved : 12
*** cpu=0:00:00.1   mem=272.0M  mem(used)=0.3M***
Total net length = 4.574e+02 (1.930e+02 2.644e+02) (ext = 3.635e+02)
*** End of Placement (cpu=0:00:01.0, real=0:00:01.0, mem=272.0M) ***
default core: bins with density >  0.75 =    0 % ( 0 / 1 )
*** Free Virtual Timing Model ...(mem=263.3M)
Starting IO pin assignment...
Completed IO pin assignment.
**WARN: (ENCSP-9025):	No scan chain specified/traced.
*** Finishing placeDesign default flow ***
**placeDesign ... cpu = 0: 0: 1, real = 0: 0: 1, mem = 263.3M **
encounter 1> Dumping FTerm of cell counter to file
Dumping FTerm of cell counter to file io.tmpl.tdf
Writing Netlist "./counter_placed.enc.dat/counter.v.gz" ...
Saving configuration ...
Saving preference file ./counter_placed.enc.dat/enc.pref.tcl ...
Saving floorplan ...
Saving Drc markers ...
... No Drc file written since there is no markers found.
Saving placement ...
*** Completed savePlace (cpu=0:00:00.0 real=0:00:00.0 mem=263.3M) ***
Saving route ...
*** Completed saveRoute (cpu=0:00:00.0 real=0:00:00.0 mem=263.3M) ***
*** Completed saveYieldMap (cpu=: 0:00:00.0 real=0:00:00.0 mem=: 0.000M) ***
Creating constraint file...
run_place.tcl completed successfully (elapsed time: 0h 0m 9s actual)

*** Memory Usage v0.159.2.6.2.1 (Current mem = 263.320M, initial mem = 46.473M) ***
--- Ending "Encounter" (totcpu=0:00:14.0, real=0:00:17.0, mem=263.3M) ---
